Build started 11/1/2012 12:53:53 PM.
     1>Project "C:\Users\Bill\Documents\Visual Studio 2010\Projects\EX4\EX4\EX4.vcxproj" on node 2 (rebuild target(s)).
     1>PrepareForBuild:
         Creating directory "C:\Users\Bill\Documents\Visual Studio 2010\Projects\EX4\Release\".
       InitializeBuildStatus:
         Creating "Release\EX4.unsuccessfulbuild" because "AlwaysCreate" was specified.
       ClCompile:
         z:\Program Files (x86)\Microsoft Visual Studio 10.0\VC\bin\CL.exe /c /Zi /nologo /W3 /WX- /O2 /Oi /Oy- /GL /D WIN32 /D NDEBUG /D _CONSOLE /D _UNICODE /D UNICODE /Gm- /EHsc /MD /GS /Gy /fp:precise /Zc:wchar_t /Zc:forScope /Yc"StdAfx.h" /Fp"Release\EX4.pch" /Fo"Release\\" /Fd"Release\vc100.pdb" /Gd /TP /analyze- /errorReport:prompt stdafx.cpp
         stdafx.cpp
         z:\Program Files (x86)\Microsoft Visual Studio 10.0\VC\bin\CL.exe /c /Zi /nologo /W3 /WX- /O2 /Oi /Oy- /GL /D WIN32 /D NDEBUG /D _CONSOLE /D _UNICODE /D UNICODE /Gm- /EHsc /MD /GS /Gy /fp:precise /Zc:wchar_t /Zc:forScope /Yu"StdAfx.h" /Fp"Release\EX4.pch" /Fo"Release\\" /Fd"Release\vc100.pdb" /Gd /TP /analyze- /errorReport:prompt EX4.cpp Integrate.cpp
         EX4.cpp
         Integrate.cpp
       Link:
         z:\Program Files (x86)\Microsoft Visual Studio 10.0\VC\bin\link.exe /ERRORREPORT:PROMPT /OUT:"C:\Users\Bill\Documents\Visual Studio 2010\Projects\EX4\Release\EX4.exe" /INCREMENTAL:NO /NOLOGO kernel32.lib user32.lib gdi32.lib winspool.lib comdlg32.lib advapi32.lib shell32.lib ole32.lib oleaut32.lib uuid.lib odbc32.lib odbccp32.lib /MANIFEST /ManifestFile:"Release\EX4.exe.intermediate.manifest" /MANIFESTUAC:"level='asInvoker' uiAccess='false'" /DEBUG /PDB:"C:\Users\Bill\Documents\Visual Studio 2010\Projects\EX4\Release\EX4.pdb" /SUBSYSTEM:CONSOLE /OPT:REF /OPT:ICF /LTCG /TLBID:1 /DYNAMICBASE /NXCOMPAT /IMPLIB:"C:\Users\Bill\Documents\Visual Studio 2010\Projects\EX4\Release\EX4.lib" /MACHINE:X86 Release\EX4.obj
         Release\Integrate.obj
         Release\stdafx.obj
         Generating code
         Finished generating code
         EX4.vcxproj -> C:\Users\Bill\Documents\Visual Studio 2010\Projects\EX4\Release\EX4.exe
       Manifest:
         C:\Program Files (x86)\Microsoft SDKs\Windows\v7.0A\bin\mt.exe /nologo /verbose /outputresource:"C:\Users\Bill\Documents\Visual Studio 2010\Projects\EX4\Release\EX4.exe;#1" /manifest Release\EX4.exe.intermediate.manifest
       FinalizeBuildStatus:
         Deleting file "Release\EX4.unsuccessfulbuild".
         Touching "Release\EX4.lastbuildstate".
     1>Done Building Project "C:\Users\Bill\Documents\Visual Studio 2010\Projects\EX4\EX4\EX4.vcxproj" (rebuild target(s)).

Build succeeded.

Time Elapsed 00:00:01.03
