C:\USERS\BILL\DOCUMENTS\VISUAL STUDIO 2010\PROJECTS\OL\DEBUG\OL.EXE
C:\USERS\BILL\DOCUMENTS\VISUAL STUDIO 2010\PROJECTS\OL\DEBUG\OL.ILK
C:\USERS\BILL\DOCUMENTS\VISUAL STUDIO 2010\PROJECTS\OL\DEBUG\OL.PDB
C:\Users\Bill\documents\visual studio 2010\Projects\OL\OL\Debug\cl.command.1.tlog
C:\Users\Bill\documents\visual studio 2010\Projects\OL\OL\Debug\CL.read.1.tlog
C:\Users\Bill\documents\visual studio 2010\Projects\OL\OL\Debug\CL.write.1.tlog
C:\Users\Bill\documents\visual studio 2010\Projects\OL\OL\Debug\link.5968.read.1.tlog
C:\Users\Bill\documents\visual studio 2010\Projects\OL\OL\Debug\link.5968.write.1.tlog
C:\Users\Bill\documents\visual studio 2010\Projects\OL\OL\Debug\link.5968-cvtres.read.1.tlog
C:\Users\Bill\documents\visual studio 2010\Projects\OL\OL\Debug\link.5968-cvtres.write.1.tlog
C:\Users\Bill\documents\visual studio 2010\Projects\OL\OL\Debug\link.command.1.tlog
C:\Users\Bill\documents\visual studio 2010\Projects\OL\OL\Debug\link.read.1.tlog
C:\Users\Bill\documents\visual studio 2010\Projects\OL\OL\Debug\link.write.1.tlog
C:\Users\Bill\documents\visual studio 2010\Projects\OL\OL\Debug\link-cvtres.read.1.tlog
C:\Users\Bill\documents\visual studio 2010\Projects\OL\OL\Debug\link-cvtres.write.1.tlog
C:\Users\Bill\documents\visual studio 2010\Projects\OL\OL\Debug\mt.command.1.tlog
C:\Users\Bill\documents\visual studio 2010\Projects\OL\OL\Debug\mt.read.1.tlog
C:\Users\Bill\documents\visual studio 2010\Projects\OL\OL\Debug\mt.write.1.tlog
C:\USERS\BILL\DOCUMENTS\VISUAL STUDIO 2010\PROJECTS\OL\OL\DEBUG\MYSTRING.OBJ
C:\USERS\BILL\DOCUMENTS\VISUAL STUDIO 2010\PROJECTS\OL\OL\DEBUG\MYSTRINGFS.OBJ
C:\USERS\BILL\DOCUMENTS\VISUAL STUDIO 2010\PROJECTS\OL\OL\DEBUG\OL.EXE.EMBED.MANIFEST
C:\USERS\BILL\DOCUMENTS\VISUAL STUDIO 2010\PROJECTS\OL\OL\DEBUG\OL.EXE.EMBED.MANIFEST.RES
C:\USERS\BILL\DOCUMENTS\VISUAL STUDIO 2010\PROJECTS\OL\OL\DEBUG\OL.EXE.INTERMEDIATE.MANIFEST
C:\USERS\BILL\DOCUMENTS\VISUAL STUDIO 2010\PROJECTS\OL\OL\DEBUG\OL.OBJ
C:\USERS\BILL\DOCUMENTS\VISUAL STUDIO 2010\PROJECTS\OL\OL\DEBUG\OL.PCH
C:\Users\Bill\documents\visual studio 2010\Projects\OL\OL\Debug\OL_manifest.rc
C:\Users\Bill\documents\visual studio 2010\Projects\OL\OL\Debug\rc.command.1.tlog
C:\Users\Bill\documents\visual studio 2010\Projects\OL\OL\Debug\rc.read.1.tlog
C:\Users\Bill\documents\visual studio 2010\Projects\OL\OL\Debug\rc.write.1.tlog
C:\USERS\BILL\DOCUMENTS\VISUAL STUDIO 2010\PROJECTS\OL\OL\DEBUG\STDAFX.OBJ
C:\Users\Bill\documents\visual studio 2010\Projects\OL\OL\Debug\vc100.idb
C:\USERS\BILL\DOCUMENTS\VISUAL STUDIO 2010\PROJECTS\OL\OL\DEBUG\VC100.PDB
