Build started 10/22/2012 8:41:30 PM.
     1>Project "C:\Users\Bill\documents\visual studio 2010\Projects\OL\OL\OL.vcxproj" on node 2 (rebuild target(s)).
     1>_PrepareForClean:
         Deleting file "Debug\OL.lastbuildstate".
       InitializeBuildStatus:
         Creating "Debug\OL.unsuccessfulbuild" because "AlwaysCreate" was specified.
       ClCompile:
         z:\Program Files (x86)\Microsoft Visual Studio 10.0\VC\bin\CL.exe /c /ZI /nologo /W3 /WX- /Od /Oy- /D WIN32 /D _DEBUG /D _CONSOLE /D _UNICODE /D UNICODE /Gm /EHsc /RTC1 /MDd /GS /fp:precise /Zc:wchar_t /Zc:forScope /Yc"StdAfx.h" /Fp"Debug\OL.pch" /Fo"Debug\\" /Fd"Debug\vc100.pdb" /Gd /TP /analyze- /errorReport:prompt stdafx.cpp
         stdafx.cpp
         z:\Program Files (x86)\Microsoft Visual Studio 10.0\VC\bin\CL.exe /c /ZI /nologo /W3 /WX- /Od /Oy- /D WIN32 /D _DEBUG /D _CONSOLE /D _UNICODE /D UNICODE /Gm /EHsc /RTC1 /MDd /GS /fp:precise /Zc:wchar_t /Zc:forScope /Yu"StdAfx.h" /Fp"Debug\OL.pch" /Fo"Debug\\" /Fd"Debug\vc100.pdb" /Gd /TP /analyze- /errorReport:prompt mystring.cpp mystringfs.cpp OL.cpp
         OL.cpp
         mystringfs.cpp
         mystring.cpp
         Generating Code...
       ManifestResourceCompile:
         C:\Program Files (x86)\Microsoft SDKs\Windows\v7.0A\bin\rc.exe /nologo /fo"Debug\OL.exe.embed.manifest.res" Debug\OL_manifest.rc 
       Link:
         z:\Program Files (x86)\Microsoft Visual Studio 10.0\VC\bin\link.exe /ERRORREPORT:PROMPT /OUT:"C:\Users\Bill\documents\visual studio 2010\Projects\OL\Debug\OL.exe" /INCREMENTAL /NOLOGO kernel32.lib user32.lib gdi32.lib winspool.lib comdlg32.lib advapi32.lib shell32.lib ole32.lib oleaut32.lib uuid.lib odbc32.lib odbccp32.lib /MANIFEST /ManifestFile:"Debug\OL.exe.intermediate.manifest" /MANIFESTUAC:"level='asInvoker' uiAccess='false'" /DEBUG /PDB:"C:\Users\Bill\documents\visual studio 2010\Projects\OL\Debug\OL.pdb" /SUBSYSTEM:CONSOLE /TLBID:1 /DYNAMICBASE /NXCOMPAT /IMPLIB:"C:\Users\Bill\documents\visual studio 2010\Projects\OL\Debug\OL.lib" /MACHINE:X86 Debug\OL.exe.embed.manifest.res
         Debug\mystring.obj
         Debug\mystringfs.obj
         Debug\OL.obj
         Debug\stdafx.obj
       Manifest:
         Deleting file "Debug\OL.exe.embed.manifest".
         C:\Program Files (x86)\Microsoft SDKs\Windows\v7.0A\bin\mt.exe /nologo /verbose /out:"Debug\OL.exe.embed.manifest" /manifest Debug\OL.exe.intermediate.manifest
         C:\Program Files (x86)\Microsoft SDKs\Windows\v7.0A\bin\rc.exe /nologo /fo"Debug\OL.exe.embed.manifest.res" Debug\OL_manifest.rc 
       LinkEmbedManifest:
         z:\Program Files (x86)\Microsoft Visual Studio 10.0\VC\bin\link.exe /ERRORREPORT:PROMPT /OUT:"C:\Users\Bill\documents\visual studio 2010\Projects\OL\Debug\OL.exe" /INCREMENTAL /NOLOGO kernel32.lib user32.lib gdi32.lib winspool.lib comdlg32.lib advapi32.lib shell32.lib ole32.lib oleaut32.lib uuid.lib odbc32.lib odbccp32.lib /MANIFEST /ManifestFile:"Debug\OL.exe.intermediate.manifest" /MANIFESTUAC:"level='asInvoker' uiAccess='false'" /DEBUG /PDB:"C:\Users\Bill\documents\visual studio 2010\Projects\OL\Debug\OL.pdb" /SUBSYSTEM:CONSOLE /TLBID:1 /DYNAMICBASE /NXCOMPAT /IMPLIB:"C:\Users\Bill\documents\visual studio 2010\Projects\OL\Debug\OL.lib" /MACHINE:X86 Debug\OL.exe.embed.manifest.res
         Debug\mystring.obj
         Debug\mystringfs.obj
         Debug\OL.obj
         Debug\stdafx.obj
         OL.vcxproj -> C:\Users\Bill\documents\visual studio 2010\Projects\OL\Debug\OL.exe
       FinalizeBuildStatus:
         Deleting file "Debug\OL.unsuccessfulbuild".
         Touching "Debug\OL.lastbuildstate".
     1>Done Building Project "C:\Users\Bill\documents\visual studio 2010\Projects\OL\OL\OL.vcxproj" (rebuild target(s)).

Build succeeded.

Time Elapsed 00:00:01.29
