C:\USERS\BILL\DESKTOP\EX1\EX1\DEBUG\EX1.EXE
C:\USERS\BILL\DESKTOP\EX1\EX1\DEBUG\EX1.ILK
C:\USERS\BILL\DESKTOP\EX1\EX1\DEBUG\EX1.PDB
C:\USERS\BILL\DESKTOP\EX1\EX1\EX1\DEBUG\CAR.OBJ
C:\Users\Bill\Desktop\EX1\EX1\EX1\Debug\cl.command.1.tlog
C:\Users\Bill\Desktop\EX1\EX1\EX1\Debug\CL.read.1.tlog
C:\Users\Bill\Desktop\EX1\EX1\EX1\Debug\CL.write.1.tlog
C:\USERS\BILL\DESKTOP\EX1\EX1\EX1\DEBUG\EX1.EXE.EMBED.MANIFEST
C:\USERS\BILL\DESKTOP\EX1\EX1\EX1\DEBUG\EX1.EXE.EMBED.MANIFEST.RES
C:\USERS\BILL\DESKTOP\EX1\EX1\EX1\DEBUG\EX1.EXE.INTERMEDIATE.MANIFEST
C:\USERS\BILL\DESKTOP\EX1\EX1\EX1\DEBUG\EX1.OBJ
C:\USERS\BILL\DESKTOP\EX1\EX1\EX1\DEBUG\EX1.PCH
C:\Users\Bill\Desktop\EX1\EX1\EX1\Debug\EX1_manifest.rc
C:\Users\Bill\Desktop\EX1\EX1\EX1\Debug\link.5328.read.1.tlog
C:\Users\Bill\Desktop\EX1\EX1\EX1\Debug\link.5328.write.1.tlog
C:\Users\Bill\Desktop\EX1\EX1\EX1\Debug\link.5328-cvtres.read.1.tlog
C:\Users\Bill\Desktop\EX1\EX1\EX1\Debug\link.5328-cvtres.write.1.tlog
C:\Users\Bill\Desktop\EX1\EX1\EX1\Debug\link.command.1.tlog
C:\Users\Bill\Desktop\EX1\EX1\EX1\Debug\link.read.1.tlog
C:\Users\Bill\Desktop\EX1\EX1\EX1\Debug\link.write.1.tlog
C:\Users\Bill\Desktop\EX1\EX1\EX1\Debug\link-cvtres.read.1.tlog
C:\Users\Bill\Desktop\EX1\EX1\EX1\Debug\link-cvtres.write.1.tlog
C:\Users\Bill\Desktop\EX1\EX1\EX1\Debug\mt.command.1.tlog
C:\Users\Bill\Desktop\EX1\EX1\EX1\Debug\mt.read.1.tlog
C:\Users\Bill\Desktop\EX1\EX1\EX1\Debug\mt.write.1.tlog
C:\Users\Bill\Desktop\EX1\EX1\EX1\Debug\rc.command.1.tlog
C:\Users\Bill\Desktop\EX1\EX1\EX1\Debug\rc.read.1.tlog
C:\Users\Bill\Desktop\EX1\EX1\EX1\Debug\rc.write.1.tlog
C:\USERS\BILL\DESKTOP\EX1\EX1\EX1\DEBUG\STDAFX.OBJ
C:\Users\Bill\Desktop\EX1\EX1\EX1\Debug\vc100.idb
C:\USERS\BILL\DESKTOP\EX1\EX1\EX1\DEBUG\VC100.PDB
