Build started 9/8/2012 11:30:54 AM.
     1>Project "C:\Users\Bill\Desktop\EX1\EX1\EX1\EX1.vcxproj" on node 2 (rebuild target(s)).
     1>_PrepareForClean:
         Deleting file "Debug\EX1.lastbuildstate".
       InitializeBuildStatus:
         Creating "Debug\EX1.unsuccessfulbuild" because "AlwaysCreate" was specified.
       ClCompile:
         z:\Program Files (x86)\Microsoft Visual Studio 10.0\VC\bin\CL.exe /c /ZI /nologo /W3 /WX- /Od /Oy- /D WIN32 /D _DEBUG /D _CONSOLE /D _UNICODE /D UNICODE /Gm /EHsc /RTC1 /MDd /GS /fp:precise /Zc:wchar_t /Zc:forScope /Yc"StdAfx.h" /Fp"Debug\EX1.pch" /Fo"Debug\\" /Fd"Debug\vc100.pdb" /Gd /TP /analyze- /errorReport:prompt stdafx.cpp
         stdafx.cpp
         z:\Program Files (x86)\Microsoft Visual Studio 10.0\VC\bin\CL.exe /c /ZI /nologo /W3 /WX- /Od /Oy- /D WIN32 /D _DEBUG /D _CONSOLE /D _UNICODE /D UNICODE /Gm /EHsc /RTC1 /MDd /GS /fp:precise /Zc:wchar_t /Zc:forScope /Yu"StdAfx.h" /Fp"Debug\EX1.pch" /Fo"Debug\\" /Fd"Debug\vc100.pdb" /Gd /TP /analyze- /errorReport:prompt Car.cpp EX1.cpp
         EX1.cpp
         Car.cpp
         Generating Code...
       ManifestResourceCompile:
         C:\Program Files (x86)\Microsoft SDKs\Windows\v7.0A\bin\rc.exe /nologo /fo"Debug\EX1.exe.embed.manifest.res" Debug\EX1_manifest.rc 
       Link:
         z:\Program Files (x86)\Microsoft Visual Studio 10.0\VC\bin\link.exe /ERRORREPORT:PROMPT /OUT:"C:\Users\Bill\Desktop\EX1\EX1\Debug\EX1.exe" /INCREMENTAL /NOLOGO kernel32.lib user32.lib gdi32.lib winspool.lib comdlg32.lib advapi32.lib shell32.lib ole32.lib oleaut32.lib uuid.lib odbc32.lib odbccp32.lib /MANIFEST /ManifestFile:"Debug\EX1.exe.intermediate.manifest" /MANIFESTUAC:"level='asInvoker' uiAccess='false'" /DEBUG /PDB:"C:\Users\Bill\Desktop\EX1\EX1\Debug\EX1.pdb" /SUBSYSTEM:CONSOLE /TLBID:1 /DYNAMICBASE /NXCOMPAT /IMPLIB:"C:\Users\Bill\Desktop\EX1\EX1\Debug\EX1.lib" /MACHINE:X86 Debug\EX1.exe.embed.manifest.res
         Debug\Car.obj
         Debug\EX1.obj
         Debug\stdafx.obj
       Manifest:
         Deleting file "Debug\EX1.exe.embed.manifest".
         C:\Program Files (x86)\Microsoft SDKs\Windows\v7.0A\bin\mt.exe /nologo /verbose /out:"Debug\EX1.exe.embed.manifest" /manifest Debug\EX1.exe.intermediate.manifest
         C:\Program Files (x86)\Microsoft SDKs\Windows\v7.0A\bin\rc.exe /nologo /fo"Debug\EX1.exe.embed.manifest.res" Debug\EX1_manifest.rc 
       LinkEmbedManifest:
         z:\Program Files (x86)\Microsoft Visual Studio 10.0\VC\bin\link.exe /ERRORREPORT:PROMPT /OUT:"C:\Users\Bill\Desktop\EX1\EX1\Debug\EX1.exe" /INCREMENTAL /NOLOGO kernel32.lib user32.lib gdi32.lib winspool.lib comdlg32.lib advapi32.lib shell32.lib ole32.lib oleaut32.lib uuid.lib odbc32.lib odbccp32.lib /MANIFEST /ManifestFile:"Debug\EX1.exe.intermediate.manifest" /MANIFESTUAC:"level='asInvoker' uiAccess='false'" /DEBUG /PDB:"C:\Users\Bill\Desktop\EX1\EX1\Debug\EX1.pdb" /SUBSYSTEM:CONSOLE /TLBID:1 /DYNAMICBASE /NXCOMPAT /IMPLIB:"C:\Users\Bill\Desktop\EX1\EX1\Debug\EX1.lib" /MACHINE:X86 Debug\EX1.exe.embed.manifest.res
         Debug\Car.obj
         Debug\EX1.obj
         Debug\stdafx.obj
         EX1.vcxproj -> C:\Users\Bill\Desktop\EX1\EX1\Debug\EX1.exe
       FinalizeBuildStatus:
         Deleting file "Debug\EX1.unsuccessfulbuild".
         Touching "Debug\EX1.lastbuildstate".
     1>Done Building Project "C:\Users\Bill\Desktop\EX1\EX1\EX1\EX1.vcxproj" (rebuild target(s)).

Build succeeded.

Time Elapsed 00:00:01.14
