C:\USERS\BILL\DOCUMENTS\VISUAL STUDIO 2010\PROJECTS\OL2\DEBUG\OL2.EXE
C:\USERS\BILL\DOCUMENTS\VISUAL STUDIO 2010\PROJECTS\OL2\DEBUG\OL2.ILK
C:\USERS\BILL\DOCUMENTS\VISUAL STUDIO 2010\PROJECTS\OL2\DEBUG\OL2.PDB
C:\Users\Bill\Documents\Visual Studio 2010\Projects\OL2\OL2\Debug\cl.command.1.tlog
C:\Users\Bill\Documents\Visual Studio 2010\Projects\OL2\OL2\Debug\CL.read.1.tlog
C:\Users\Bill\Documents\Visual Studio 2010\Projects\OL2\OL2\Debug\CL.write.1.tlog
C:\Users\Bill\Documents\Visual Studio 2010\Projects\OL2\OL2\Debug\link.4616.read.1.tlog
C:\Users\Bill\Documents\Visual Studio 2010\Projects\OL2\OL2\Debug\link.4616.write.1.tlog
C:\Users\Bill\Documents\Visual Studio 2010\Projects\OL2\OL2\Debug\link.4616-cvtres.read.1.tlog
C:\Users\Bill\Documents\Visual Studio 2010\Projects\OL2\OL2\Debug\link.4616-cvtres.write.1.tlog
C:\Users\Bill\Documents\Visual Studio 2010\Projects\OL2\OL2\Debug\link.command.1.tlog
C:\Users\Bill\Documents\Visual Studio 2010\Projects\OL2\OL2\Debug\link.read.1.tlog
C:\Users\Bill\Documents\Visual Studio 2010\Projects\OL2\OL2\Debug\link.write.1.tlog
C:\Users\Bill\Documents\Visual Studio 2010\Projects\OL2\OL2\Debug\link-cvtres.read.1.tlog
C:\Users\Bill\Documents\Visual Studio 2010\Projects\OL2\OL2\Debug\link-cvtres.write.1.tlog
C:\Users\Bill\Documents\Visual Studio 2010\Projects\OL2\OL2\Debug\mt.command.1.tlog
C:\Users\Bill\Documents\Visual Studio 2010\Projects\OL2\OL2\Debug\mt.read.1.tlog
C:\Users\Bill\Documents\Visual Studio 2010\Projects\OL2\OL2\Debug\mt.write.1.tlog
C:\USERS\BILL\DOCUMENTS\VISUAL STUDIO 2010\PROJECTS\OL2\OL2\DEBUG\MYSTRING.OBJ
C:\USERS\BILL\DOCUMENTS\VISUAL STUDIO 2010\PROJECTS\OL2\OL2\DEBUG\OL2.EXE.EMBED.MANIFEST
C:\USERS\BILL\DOCUMENTS\VISUAL STUDIO 2010\PROJECTS\OL2\OL2\DEBUG\OL2.EXE.EMBED.MANIFEST.RES
C:\USERS\BILL\DOCUMENTS\VISUAL STUDIO 2010\PROJECTS\OL2\OL2\DEBUG\OL2.EXE.INTERMEDIATE.MANIFEST
C:\USERS\BILL\DOCUMENTS\VISUAL STUDIO 2010\PROJECTS\OL2\OL2\DEBUG\OL2.OBJ
C:\USERS\BILL\DOCUMENTS\VISUAL STUDIO 2010\PROJECTS\OL2\OL2\DEBUG\OL2.PCH
C:\Users\Bill\Documents\Visual Studio 2010\Projects\OL2\OL2\Debug\OL2_manifest.rc
C:\Users\Bill\Documents\Visual Studio 2010\Projects\OL2\OL2\Debug\rc.command.1.tlog
C:\Users\Bill\Documents\Visual Studio 2010\Projects\OL2\OL2\Debug\rc.read.1.tlog
C:\Users\Bill\Documents\Visual Studio 2010\Projects\OL2\OL2\Debug\rc.write.1.tlog
C:\USERS\BILL\DOCUMENTS\VISUAL STUDIO 2010\PROJECTS\OL2\OL2\DEBUG\STDAFX.OBJ
C:\Users\Bill\Documents\Visual Studio 2010\Projects\OL2\OL2\Debug\vc100.idb
C:\USERS\BILL\DOCUMENTS\VISUAL STUDIO 2010\PROJECTS\OL2\OL2\DEBUG\VC100.PDB
