C:\USERS\BILL\DOCUMENTS\VISUAL STUDIO 2010\PROJECTS\HW3\DEBUG\HW3.EXE
C:\USERS\BILL\DOCUMENTS\VISUAL STUDIO 2010\PROJECTS\HW3\DEBUG\HW3.ILK
C:\USERS\BILL\DOCUMENTS\VISUAL STUDIO 2010\PROJECTS\HW3\DEBUG\HW3.PDB
C:\Users\Bill\Documents\Visual Studio 2010\Projects\HW3\HW3\Debug\cl.command.1.tlog
C:\Users\Bill\Documents\Visual Studio 2010\Projects\HW3\HW3\Debug\CL.read.1.tlog
C:\Users\Bill\Documents\Visual Studio 2010\Projects\HW3\HW3\Debug\CL.write.1.tlog
C:\USERS\BILL\DOCUMENTS\VISUAL STUDIO 2010\PROJECTS\HW3\HW3\DEBUG\HW3.EXE.EMBED.MANIFEST
C:\USERS\BILL\DOCUMENTS\VISUAL STUDIO 2010\PROJECTS\HW3\HW3\DEBUG\HW3.EXE.EMBED.MANIFEST.RES
C:\USERS\BILL\DOCUMENTS\VISUAL STUDIO 2010\PROJECTS\HW3\HW3\DEBUG\HW3.EXE.INTERMEDIATE.MANIFEST
C:\USERS\BILL\DOCUMENTS\VISUAL STUDIO 2010\PROJECTS\HW3\HW3\DEBUG\HW3.OBJ
C:\USERS\BILL\DOCUMENTS\VISUAL STUDIO 2010\PROJECTS\HW3\HW3\DEBUG\HW3.PCH
C:\Users\Bill\Documents\Visual Studio 2010\Projects\HW3\HW3\Debug\HW3_manifest.rc
C:\USERS\BILL\DOCUMENTS\VISUAL STUDIO 2010\PROJECTS\HW3\HW3\DEBUG\INTEGRATE.OBJ
C:\Users\Bill\Documents\Visual Studio 2010\Projects\HW3\HW3\Debug\link.7820.read.1.tlog
C:\Users\Bill\Documents\Visual Studio 2010\Projects\HW3\HW3\Debug\link.7820.write.1.tlog
C:\Users\Bill\Documents\Visual Studio 2010\Projects\HW3\HW3\Debug\link.7820-cvtres.read.1.tlog
C:\Users\Bill\Documents\Visual Studio 2010\Projects\HW3\HW3\Debug\link.7820-cvtres.write.1.tlog
C:\Users\Bill\Documents\Visual Studio 2010\Projects\HW3\HW3\Debug\link.command.1.tlog
C:\Users\Bill\Documents\Visual Studio 2010\Projects\HW3\HW3\Debug\link.read.1.tlog
C:\Users\Bill\Documents\Visual Studio 2010\Projects\HW3\HW3\Debug\link.write.1.tlog
C:\Users\Bill\Documents\Visual Studio 2010\Projects\HW3\HW3\Debug\link-cvtres.read.1.tlog
C:\Users\Bill\Documents\Visual Studio 2010\Projects\HW3\HW3\Debug\link-cvtres.write.1.tlog
C:\Users\Bill\Documents\Visual Studio 2010\Projects\HW3\HW3\Debug\mt.command.1.tlog
C:\Users\Bill\Documents\Visual Studio 2010\Projects\HW3\HW3\Debug\mt.read.1.tlog
C:\Users\Bill\Documents\Visual Studio 2010\Projects\HW3\HW3\Debug\mt.write.1.tlog
C:\USERS\BILL\DOCUMENTS\VISUAL STUDIO 2010\PROJECTS\HW3\HW3\DEBUG\POLYNOMIAL.OBJ
C:\Users\Bill\Documents\Visual Studio 2010\Projects\HW3\HW3\Debug\rc.command.1.tlog
C:\Users\Bill\Documents\Visual Studio 2010\Projects\HW3\HW3\Debug\rc.read.1.tlog
C:\Users\Bill\Documents\Visual Studio 2010\Projects\HW3\HW3\Debug\rc.write.1.tlog
C:\USERS\BILL\DOCUMENTS\VISUAL STUDIO 2010\PROJECTS\HW3\HW3\DEBUG\STDAFX.OBJ
C:\Users\Bill\Documents\Visual Studio 2010\Projects\HW3\HW3\Debug\vc100.idb
C:\USERS\BILL\DOCUMENTS\VISUAL STUDIO 2010\PROJECTS\HW3\HW3\DEBUG\VC100.PDB
