C:\USERS\BILL\DOCUMENTS\VISUAL STUDIO 2010\PROJECTS\HW1\DEBUG\HW1.EXE
C:\USERS\BILL\DOCUMENTS\VISUAL STUDIO 2010\PROJECTS\HW1\DEBUG\HW1.ILK
C:\USERS\BILL\DOCUMENTS\VISUAL STUDIO 2010\PROJECTS\HW1\DEBUG\HW1.PDB
C:\Users\Bill\documents\visual studio 2010\Projects\HW1\HW1\Debug\cl.command.1.tlog
C:\Users\Bill\documents\visual studio 2010\Projects\HW1\HW1\Debug\CL.read.1.tlog
C:\Users\Bill\documents\visual studio 2010\Projects\HW1\HW1\Debug\CL.write.1.tlog
C:\USERS\BILL\DOCUMENTS\VISUAL STUDIO 2010\PROJECTS\HW1\HW1\DEBUG\CS116HW1.OBJ
C:\USERS\BILL\DOCUMENTS\VISUAL STUDIO 2010\PROJECTS\HW1\HW1\DEBUG\HW1.EXE.EMBED.MANIFEST
C:\USERS\BILL\DOCUMENTS\VISUAL STUDIO 2010\PROJECTS\HW1\HW1\DEBUG\HW1.EXE.EMBED.MANIFEST.RES
C:\USERS\BILL\DOCUMENTS\VISUAL STUDIO 2010\PROJECTS\HW1\HW1\DEBUG\HW1.EXE.INTERMEDIATE.MANIFEST
C:\USERS\BILL\DOCUMENTS\VISUAL STUDIO 2010\PROJECTS\HW1\HW1\DEBUG\HW1.PCH
C:\Users\Bill\documents\visual studio 2010\Projects\HW1\HW1\Debug\HW1_manifest.rc
C:\Users\Bill\documents\visual studio 2010\Projects\HW1\HW1\Debug\link.3000.read.1.tlog
C:\Users\Bill\documents\visual studio 2010\Projects\HW1\HW1\Debug\link.3000.write.1.tlog
C:\Users\Bill\documents\visual studio 2010\Projects\HW1\HW1\Debug\link.3000-cvtres.read.1.tlog
C:\Users\Bill\documents\visual studio 2010\Projects\HW1\HW1\Debug\link.3000-cvtres.write.1.tlog
C:\Users\Bill\documents\visual studio 2010\Projects\HW1\HW1\Debug\link.command.1.tlog
C:\Users\Bill\documents\visual studio 2010\Projects\HW1\HW1\Debug\link.read.1.tlog
C:\Users\Bill\documents\visual studio 2010\Projects\HW1\HW1\Debug\link.write.1.tlog
C:\Users\Bill\documents\visual studio 2010\Projects\HW1\HW1\Debug\link-cvtres.read.1.tlog
C:\Users\Bill\documents\visual studio 2010\Projects\HW1\HW1\Debug\link-cvtres.write.1.tlog
C:\Users\Bill\documents\visual studio 2010\Projects\HW1\HW1\Debug\mt.command.1.tlog
C:\Users\Bill\documents\visual studio 2010\Projects\HW1\HW1\Debug\mt.read.1.tlog
C:\Users\Bill\documents\visual studio 2010\Projects\HW1\HW1\Debug\mt.write.1.tlog
C:\USERS\BILL\DOCUMENTS\VISUAL STUDIO 2010\PROJECTS\HW1\HW1\DEBUG\QUAD.OBJ
C:\Users\Bill\documents\visual studio 2010\Projects\HW1\HW1\Debug\rc.command.1.tlog
C:\Users\Bill\documents\visual studio 2010\Projects\HW1\HW1\Debug\rc.read.1.tlog
C:\Users\Bill\documents\visual studio 2010\Projects\HW1\HW1\Debug\rc.write.1.tlog
C:\USERS\BILL\DOCUMENTS\VISUAL STUDIO 2010\PROJECTS\HW1\HW1\DEBUG\STDAFX.OBJ
C:\Users\Bill\documents\visual studio 2010\Projects\HW1\HW1\Debug\vc100.idb
C:\USERS\BILL\DOCUMENTS\VISUAL STUDIO 2010\PROJECTS\HW1\HW1\DEBUG\VC100.PDB
