Build started 9/5/2012 3:05:32 PM.
     1>Project "C:\Users\Bill\documents\visual studio 2010\Projects\HW1\HW1\HW1.vcxproj" on node 2 (build target(s)).
     1>InitializeBuildStatus:
         Touching "Debug\HW1.unsuccessfulbuild".
       ClCompile:
         All outputs are up-to-date.
         All outputs are up-to-date.
       ManifestResourceCompile:
         All outputs are up-to-date.
       Link:
         z:\Program Files (x86)\Microsoft Visual Studio 10.0\VC\bin\link.exe /ERRORREPORT:PROMPT /OUT:"C:\Users\Bill\documents\visual studio 2010\Projects\HW1\Debug\HW1.exe" /INCREMENTAL /NOLOGO kernel32.lib user32.lib gdi32.lib winspool.lib comdlg32.lib advapi32.lib shell32.lib ole32.lib oleaut32.lib uuid.lib odbc32.lib odbccp32.lib /MANIFEST /ManifestFile:"Debug\HW1.exe.intermediate.manifest" /MANIFESTUAC:"level='asInvoker' uiAccess='false'" /DEBUG /PDB:"C:\Users\Bill\documents\visual studio 2010\Projects\HW1\Debug\HW1.pdb" /SUBSYSTEM:CONSOLE /TLBID:1 /DYNAMICBASE /NXCOMPAT /IMPLIB:"C:\Users\Bill\documents\visual studio 2010\Projects\HW1\Debug\HW1.lib" /MACHINE:X86 Debug\HW1.exe.embed.manifest.res
         Debug\Quad.obj
         Debug\CS116HW1.obj
         Debug\stdafx.obj
       Manifest:
         C:\Program Files (x86)\Microsoft SDKs\Windows\v7.0A\bin\mt.exe /nologo /verbose /out:"Debug\HW1.exe.embed.manifest" /manifest Debug\HW1.exe.intermediate.manifest
         All outputs are up-to-date.
       LinkEmbedManifest:
         All outputs are up-to-date.
         HW1.vcxproj -> C:\Users\Bill\documents\visual studio 2010\Projects\HW1\Debug\HW1.exe
       FinalizeBuildStatus:
         Deleting file "Debug\HW1.unsuccessfulbuild".
         Touching "Debug\HW1.lastbuildstate".
     1>Done Building Project "C:\Users\Bill\documents\visual studio 2010\Projects\HW1\HW1\HW1.vcxproj" (build target(s)).

Build succeeded.

Time Elapsed 00:00:00.22
