Build started 8/20/2012 8:31:32 PM.
     1>Project "C:\Users\Bill\documents\visual studio 2010\Projects\HW1a\HW1a\HW1a.vcxproj" on node 2 (rebuild target(s)).
     1>_PrepareForClean:
         Deleting file "Debug\HW1a.lastbuildstate".
       InitializeBuildStatus:
         Touching "Debug\HW1a.unsuccessfulbuild".
       ClCompile:
         z:\Program Files (x86)\Microsoft Visual Studio 10.0\VC\bin\CL.exe /c /ZI /nologo /W3 /WX- /Od /Oy- /D WIN32 /D _DEBUG /D _CONSOLE /D _UNICODE /D UNICODE /Gm /EHsc /RTC1 /MDd /GS /fp:precise /Zc:wchar_t /Zc:forScope /Yc"StdAfx.h" /Fp"Debug\HW1a.pch" /Fo"Debug\\" /Fd"Debug\vc100.pdb" /Gd /TC /analyze- /errorReport:prompt stdafx.cpp
         stdafx.cpp
         z:\Program Files (x86)\Microsoft Visual Studio 10.0\VC\bin\CL.exe /c /ZI /nologo /W3 /WX- /Od /Oy- /D WIN32 /D _DEBUG /D _CONSOLE /D _UNICODE /D UNICODE /Gm /EHsc /RTC1 /MDd /GS /fp:precise /Zc:wchar_t /Zc:forScope /Yu"StdAfx.h" /Fp"Debug\HW1a.pch" /Fo"Debug\\" /Fd"Debug\vc100.pdb" /Gd /TC /analyze- /errorReport:prompt HW1a.cpp Table.cpp
         Table.cpp
         HW1a.cpp
         Generating Code...
       ManifestResourceCompile:
         C:\Program Files (x86)\Microsoft SDKs\Windows\v7.0A\bin\rc.exe /nologo /fo"Debug\HW1a.exe.embed.manifest.res" Debug\HW1a_manifest.rc 
       Link:
         z:\Program Files (x86)\Microsoft Visual Studio 10.0\VC\bin\link.exe /ERRORREPORT:PROMPT /OUT:"C:\Users\Bill\documents\visual studio 2010\Projects\HW1a\Debug\HW1a.exe" /INCREMENTAL /NOLOGO kernel32.lib user32.lib gdi32.lib winspool.lib comdlg32.lib advapi32.lib shell32.lib ole32.lib oleaut32.lib uuid.lib odbc32.lib odbccp32.lib /MANIFEST /ManifestFile:"Debug\HW1a.exe.intermediate.manifest" /MANIFESTUAC:"level='asInvoker' uiAccess='false'" /DEBUG /PDB:"C:\Users\Bill\documents\visual studio 2010\Projects\HW1a\Debug\HW1a.pdb" /SUBSYSTEM:CONSOLE /TLBID:1 /DYNAMICBASE /NXCOMPAT /IMPLIB:"C:\Users\Bill\documents\visual studio 2010\Projects\HW1a\Debug\HW1a.lib" /MACHINE:X86 Debug\HW1a.exe.embed.manifest.res
         Debug\HW1a.obj
         Debug\stdafx.obj
         Debug\Table.obj
       Manifest:
         Deleting file "Debug\HW1a.exe.embed.manifest".
         C:\Program Files (x86)\Microsoft SDKs\Windows\v7.0A\bin\mt.exe /nologo /verbose /out:"Debug\HW1a.exe.embed.manifest" /manifest Debug\HW1a.exe.intermediate.manifest
         C:\Program Files (x86)\Microsoft SDKs\Windows\v7.0A\bin\rc.exe /nologo /fo"Debug\HW1a.exe.embed.manifest.res" Debug\HW1a_manifest.rc 
       LinkEmbedManifest:
         z:\Program Files (x86)\Microsoft Visual Studio 10.0\VC\bin\link.exe /ERRORREPORT:PROMPT /OUT:"C:\Users\Bill\documents\visual studio 2010\Projects\HW1a\Debug\HW1a.exe" /INCREMENTAL /NOLOGO kernel32.lib user32.lib gdi32.lib winspool.lib comdlg32.lib advapi32.lib shell32.lib ole32.lib oleaut32.lib uuid.lib odbc32.lib odbccp32.lib /MANIFEST /ManifestFile:"Debug\HW1a.exe.intermediate.manifest" /MANIFESTUAC:"level='asInvoker' uiAccess='false'" /DEBUG /PDB:"C:\Users\Bill\documents\visual studio 2010\Projects\HW1a\Debug\HW1a.pdb" /SUBSYSTEM:CONSOLE /TLBID:1 /DYNAMICBASE /NXCOMPAT /IMPLIB:"C:\Users\Bill\documents\visual studio 2010\Projects\HW1a\Debug\HW1a.lib" /MACHINE:X86 Debug\HW1a.exe.embed.manifest.res
         Debug\HW1a.obj
         Debug\stdafx.obj
         Debug\Table.obj
         HW1a.vcxproj -> C:\Users\Bill\documents\visual studio 2010\Projects\HW1a\Debug\HW1a.exe
       FinalizeBuildStatus:
         Deleting file "Debug\HW1a.unsuccessfulbuild".
         Touching "Debug\HW1a.lastbuildstate".
     1>Done Building Project "C:\Users\Bill\documents\visual studio 2010\Projects\HW1a\HW1a\HW1a.vcxproj" (rebuild target(s)).

Build succeeded.

Time Elapsed 00:00:00.82
