C:\Users\Bill\documents\visual studio 2010\Projects\HW1a\Debug\HW1a.pdb
C:\Users\Bill\documents\visual studio 2010\Projects\HW1a\HW1a\Debug\cl.command.1.tlog
C:\Users\Bill\documents\visual studio 2010\Projects\HW1a\HW1a\Debug\CL.read.1.tlog
C:\Users\Bill\documents\visual studio 2010\Projects\HW1a\HW1a\Debug\CL.write.1.tlog
C:\Users\Bill\documents\visual studio 2010\Projects\HW1a\HW1a\Debug\HW1a.exe.embed.manifest
C:\USERS\BILL\DOCUMENTS\VISUAL STUDIO 2010\PROJECTS\HW1A\HW1A\DEBUG\HW1A.EXE.EMBED.MANIFEST.RES
C:\Users\Bill\documents\visual studio 2010\Projects\HW1a\HW1a\Debug\HW1a.exe.intermediate.manifest
C:\USERS\BILL\DOCUMENTS\VISUAL STUDIO 2010\PROJECTS\HW1A\HW1A\DEBUG\HW1A.OBJ
C:\USERS\BILL\DOCUMENTS\VISUAL STUDIO 2010\PROJECTS\HW1A\HW1A\DEBUG\HW1A.PCH
C:\Users\Bill\documents\visual studio 2010\Projects\HW1a\HW1a\Debug\HW1a_manifest.rc
C:\Users\Bill\documents\visual studio 2010\Projects\HW1a\HW1a\Debug\link.command.1.tlog
C:\Users\Bill\documents\visual studio 2010\Projects\HW1a\HW1a\Debug\link.read.1.tlog
C:\Users\Bill\documents\visual studio 2010\Projects\HW1a\HW1a\Debug\link.write.1.tlog
C:\Users\Bill\documents\visual studio 2010\Projects\HW1a\HW1a\Debug\link-cvtres.read.1.tlog
C:\Users\Bill\documents\visual studio 2010\Projects\HW1a\HW1a\Debug\link-cvtres.write.1.tlog
C:\Users\Bill\documents\visual studio 2010\Projects\HW1a\HW1a\Debug\rc.command.1.tlog
C:\Users\Bill\documents\visual studio 2010\Projects\HW1a\HW1a\Debug\rc.read.1.tlog
C:\Users\Bill\documents\visual studio 2010\Projects\HW1a\HW1a\Debug\rc.write.1.tlog
C:\USERS\BILL\DOCUMENTS\VISUAL STUDIO 2010\PROJECTS\HW1A\HW1A\DEBUG\STDAFX.OBJ
C:\USERS\BILL\DOCUMENTS\VISUAL STUDIO 2010\PROJECTS\HW1A\HW1A\DEBUG\TABLE.OBJ
C:\USERS\BILL\DOCUMENTS\VISUAL STUDIO 2010\PROJECTS\HW1A\HW1A\DEBUG\TABLE2.OBJ
C:\Users\Bill\documents\visual studio 2010\Projects\HW1a\HW1a\Debug\vc100.idb
C:\USERS\BILL\DOCUMENTS\VISUAL STUDIO 2010\PROJECTS\HW1A\HW1A\DEBUG\VC100.PDB
