C:\USERS\BILL\DOCUMENTS\VISUAL STUDIO 2010\PROJECTS\HW2\DEBUG\HW2.EXE
C:\USERS\BILL\DOCUMENTS\VISUAL STUDIO 2010\PROJECTS\HW2\DEBUG\HW2.ILK
C:\USERS\BILL\DOCUMENTS\VISUAL STUDIO 2010\PROJECTS\HW2\DEBUG\HW2.PDB
C:\Users\Bill\Documents\Visual Studio 2010\Projects\HW2\HW2\Debug\cl.command.1.tlog
C:\Users\Bill\Documents\Visual Studio 2010\Projects\HW2\HW2\Debug\CL.read.1.tlog
C:\Users\Bill\Documents\Visual Studio 2010\Projects\HW2\HW2\Debug\CL.write.1.tlog
C:\USERS\BILL\DOCUMENTS\VISUAL STUDIO 2010\PROJECTS\HW2\HW2\DEBUG\HW2.EXE.EMBED.MANIFEST
C:\USERS\BILL\DOCUMENTS\VISUAL STUDIO 2010\PROJECTS\HW2\HW2\DEBUG\HW2.EXE.EMBED.MANIFEST.RES
C:\USERS\BILL\DOCUMENTS\VISUAL STUDIO 2010\PROJECTS\HW2\HW2\DEBUG\HW2.EXE.INTERMEDIATE.MANIFEST
C:\USERS\BILL\DOCUMENTS\VISUAL STUDIO 2010\PROJECTS\HW2\HW2\DEBUG\HW2.OBJ
C:\USERS\BILL\DOCUMENTS\VISUAL STUDIO 2010\PROJECTS\HW2\HW2\DEBUG\HW2.PCH
C:\Users\Bill\Documents\Visual Studio 2010\Projects\HW2\HW2\Debug\HW2_manifest.rc
C:\USERS\BILL\DOCUMENTS\VISUAL STUDIO 2010\PROJECTS\HW2\HW2\DEBUG\INPUTMGR.OBJ
C:\Users\Bill\Documents\Visual Studio 2010\Projects\HW2\HW2\Debug\link.7992.read.1.tlog
C:\Users\Bill\Documents\Visual Studio 2010\Projects\HW2\HW2\Debug\link.7992.write.1.tlog
C:\Users\Bill\Documents\Visual Studio 2010\Projects\HW2\HW2\Debug\link.7992-cvtres.read.1.tlog
C:\Users\Bill\Documents\Visual Studio 2010\Projects\HW2\HW2\Debug\link.7992-cvtres.write.1.tlog
C:\Users\Bill\Documents\Visual Studio 2010\Projects\HW2\HW2\Debug\link.command.1.tlog
C:\Users\Bill\Documents\Visual Studio 2010\Projects\HW2\HW2\Debug\link.read.1.tlog
C:\Users\Bill\Documents\Visual Studio 2010\Projects\HW2\HW2\Debug\link.write.1.tlog
C:\Users\Bill\Documents\Visual Studio 2010\Projects\HW2\HW2\Debug\link-cvtres.read.1.tlog
C:\Users\Bill\Documents\Visual Studio 2010\Projects\HW2\HW2\Debug\link-cvtres.write.1.tlog
C:\Users\Bill\Documents\Visual Studio 2010\Projects\HW2\HW2\Debug\mt.command.1.tlog
C:\Users\Bill\Documents\Visual Studio 2010\Projects\HW2\HW2\Debug\mt.read.1.tlog
C:\Users\Bill\Documents\Visual Studio 2010\Projects\HW2\HW2\Debug\mt.write.1.tlog
C:\USERS\BILL\DOCUMENTS\VISUAL STUDIO 2010\PROJECTS\HW2\HW2\DEBUG\PATIENTACCOUNT.OBJ
C:\Users\Bill\Documents\Visual Studio 2010\Projects\HW2\HW2\Debug\rc.command.1.tlog
C:\Users\Bill\Documents\Visual Studio 2010\Projects\HW2\HW2\Debug\rc.read.1.tlog
C:\Users\Bill\Documents\Visual Studio 2010\Projects\HW2\HW2\Debug\rc.write.1.tlog
C:\USERS\BILL\DOCUMENTS\VISUAL STUDIO 2010\PROJECTS\HW2\HW2\DEBUG\STDAFX.OBJ
C:\Users\Bill\Documents\Visual Studio 2010\Projects\HW2\HW2\Debug\vc100.idb
C:\USERS\BILL\DOCUMENTS\VISUAL STUDIO 2010\PROJECTS\HW2\HW2\DEBUG\VC100.PDB
