Build started 9/19/2012 10:58:35 PM.
     1>Project "C:\Users\Bill\Documents\Visual Studio 2010\Projects\HW2new\HW2\HW2.vcxproj" on node 2 (rebuild target(s)).
     1>_PrepareForClean:
         Deleting file "Debug\HW2.lastbuildstate".
       InitializeBuildStatus:
         Creating "Debug\HW2.unsuccessfulbuild" because "AlwaysCreate" was specified.
       ClCompile:
         z:\Program Files (x86)\Microsoft Visual Studio 10.0\VC\bin\CL.exe /c /ZI /nologo /W3 /WX- /Od /Oy- /D WIN32 /D _DEBUG /D _CONSOLE /D _UNICODE /D UNICODE /Gm /EHsc /RTC1 /MDd /GS /fp:precise /Zc:wchar_t /Zc:forScope /Yc"StdAfx.h" /Fp"Debug\HW2.pch" /Fo"Debug\\" /Fd"Debug\vc100.pdb" /Gd /TP /analyze- /errorReport:prompt stdafx.cpp
         stdafx.cpp
         z:\Program Files (x86)\Microsoft Visual Studio 10.0\VC\bin\CL.exe /c /ZI /nologo /W3 /WX- /Od /Oy- /D WIN32 /D _DEBUG /D _CONSOLE /D _UNICODE /D UNICODE /Gm /EHsc /RTC1 /MDd /GS /fp:precise /Zc:wchar_t /Zc:forScope /Yu"StdAfx.h" /Fp"Debug\HW2.pch" /Fo"Debug\\" /Fd"Debug\vc100.pdb" /Gd /TP /analyze- /errorReport:prompt HW2.cpp InputMgr.cpp PatientAccount.cpp Surgery.cpp
         Surgery.cpp
         PatientAccount.cpp
         InputMgr.cpp
         HW2.cpp
         Generating Code...
       ManifestResourceCompile:
         C:\Program Files (x86)\Microsoft SDKs\Windows\v7.0A\bin\rc.exe /nologo /fo"Debug\HW2.exe.embed.manifest.res" Debug\HW2_manifest.rc 
       Link:
         z:\Program Files (x86)\Microsoft Visual Studio 10.0\VC\bin\link.exe /ERRORREPORT:PROMPT /OUT:"C:\Users\Bill\Documents\Visual Studio 2010\Projects\HW2new\Debug\HW2.exe" /INCREMENTAL /NOLOGO kernel32.lib user32.lib gdi32.lib winspool.lib comdlg32.lib advapi32.lib shell32.lib ole32.lib oleaut32.lib uuid.lib odbc32.lib odbccp32.lib /MANIFEST /ManifestFile:"Debug\HW2.exe.intermediate.manifest" /MANIFESTUAC:"level='asInvoker' uiAccess='false'" /DEBUG /PDB:"C:\Users\Bill\Documents\Visual Studio 2010\Projects\HW2new\Debug\HW2.pdb" /SUBSYSTEM:CONSOLE /TLBID:1 /DYNAMICBASE /NXCOMPAT /IMPLIB:"C:\Users\Bill\Documents\Visual Studio 2010\Projects\HW2new\Debug\HW2.lib" /MACHINE:X86 Debug\HW2.exe.embed.manifest.res
         Debug\HW2.obj
         Debug\InputMgr.obj
         Debug\PatientAccount.obj
         Debug\stdafx.obj
         Debug\Surgery.obj
       Manifest:
         Deleting file "Debug\HW2.exe.embed.manifest".
         C:\Program Files (x86)\Microsoft SDKs\Windows\v7.0A\bin\mt.exe /nologo /verbose /out:"Debug\HW2.exe.embed.manifest" /manifest Debug\HW2.exe.intermediate.manifest
         C:\Program Files (x86)\Microsoft SDKs\Windows\v7.0A\bin\rc.exe /nologo /fo"Debug\HW2.exe.embed.manifest.res" Debug\HW2_manifest.rc 
       LinkEmbedManifest:
         z:\Program Files (x86)\Microsoft Visual Studio 10.0\VC\bin\link.exe /ERRORREPORT:PROMPT /OUT:"C:\Users\Bill\Documents\Visual Studio 2010\Projects\HW2new\Debug\HW2.exe" /INCREMENTAL /NOLOGO kernel32.lib user32.lib gdi32.lib winspool.lib comdlg32.lib advapi32.lib shell32.lib ole32.lib oleaut32.lib uuid.lib odbc32.lib odbccp32.lib /MANIFEST /ManifestFile:"Debug\HW2.exe.intermediate.manifest" /MANIFESTUAC:"level='asInvoker' uiAccess='false'" /DEBUG /PDB:"C:\Users\Bill\Documents\Visual Studio 2010\Projects\HW2new\Debug\HW2.pdb" /SUBSYSTEM:CONSOLE /TLBID:1 /DYNAMICBASE /NXCOMPAT /IMPLIB:"C:\Users\Bill\Documents\Visual Studio 2010\Projects\HW2new\Debug\HW2.lib" /MACHINE:X86 Debug\HW2.exe.embed.manifest.res
         Debug\HW2.obj
         Debug\InputMgr.obj
         Debug\PatientAccount.obj
         Debug\stdafx.obj
         Debug\Surgery.obj
         HW2.vcxproj -> C:\Users\Bill\Documents\Visual Studio 2010\Projects\HW2new\Debug\HW2.exe
       FinalizeBuildStatus:
         Deleting file "Debug\HW2.unsuccessfulbuild".
         Touching "Debug\HW2.lastbuildstate".
     1>Done Building Project "C:\Users\Bill\Documents\Visual Studio 2010\Projects\HW2new\HW2\HW2.vcxproj" (rebuild target(s)).

Build succeeded.

Time Elapsed 00:00:02.05
