C:\USERS\BILL\DOCUMENTS\VISUAL STUDIO 2010\PROJECTS\EX4\DEBUG\EX4.EXE
C:\USERS\BILL\DOCUMENTS\VISUAL STUDIO 2010\PROJECTS\EX4\DEBUG\EX4.ILK
C:\USERS\BILL\DOCUMENTS\VISUAL STUDIO 2010\PROJECTS\EX4\DEBUG\EX4.PDB
C:\Users\Bill\Documents\Visual Studio 2010\Projects\EX4\EX4\Debug\cl.command.1.tlog
C:\Users\Bill\Documents\Visual Studio 2010\Projects\EX4\EX4\Debug\CL.read.1.tlog
C:\Users\Bill\Documents\Visual Studio 2010\Projects\EX4\EX4\Debug\CL.write.1.tlog
C:\USERS\BILL\DOCUMENTS\VISUAL STUDIO 2010\PROJECTS\EX4\EX4\DEBUG\EX4.EXE.EMBED.MANIFEST
C:\USERS\BILL\DOCUMENTS\VISUAL STUDIO 2010\PROJECTS\EX4\EX4\DEBUG\EX4.EXE.EMBED.MANIFEST.RES
C:\USERS\BILL\DOCUMENTS\VISUAL STUDIO 2010\PROJECTS\EX4\EX4\DEBUG\EX4.EXE.INTERMEDIATE.MANIFEST
C:\USERS\BILL\DOCUMENTS\VISUAL STUDIO 2010\PROJECTS\EX4\EX4\DEBUG\EX4.OBJ
C:\USERS\BILL\DOCUMENTS\VISUAL STUDIO 2010\PROJECTS\EX4\EX4\DEBUG\EX4.PCH
C:\Users\Bill\Documents\Visual Studio 2010\Projects\EX4\EX4\Debug\EX4_manifest.rc
C:\Users\Bill\Documents\Visual Studio 2010\Projects\EX4\EX4\Debug\link.6416.read.1.tlog
C:\Users\Bill\Documents\Visual Studio 2010\Projects\EX4\EX4\Debug\link.6416.write.1.tlog
C:\Users\Bill\Documents\Visual Studio 2010\Projects\EX4\EX4\Debug\link.6416-cvtres.read.1.tlog
C:\Users\Bill\Documents\Visual Studio 2010\Projects\EX4\EX4\Debug\link.6416-cvtres.write.1.tlog
C:\Users\Bill\Documents\Visual Studio 2010\Projects\EX4\EX4\Debug\link.command.1.tlog
C:\Users\Bill\Documents\Visual Studio 2010\Projects\EX4\EX4\Debug\link.read.1.tlog
C:\Users\Bill\Documents\Visual Studio 2010\Projects\EX4\EX4\Debug\link.write.1.tlog
C:\Users\Bill\Documents\Visual Studio 2010\Projects\EX4\EX4\Debug\link-cvtres.read.1.tlog
C:\Users\Bill\Documents\Visual Studio 2010\Projects\EX4\EX4\Debug\link-cvtres.write.1.tlog
C:\USERS\BILL\DOCUMENTS\VISUAL STUDIO 2010\PROJECTS\EX4\EX4\DEBUG\LIST.OBJ
C:\Users\Bill\Documents\Visual Studio 2010\Projects\EX4\EX4\Debug\mt.command.1.tlog
C:\Users\Bill\Documents\Visual Studio 2010\Projects\EX4\EX4\Debug\mt.read.1.tlog
C:\Users\Bill\Documents\Visual Studio 2010\Projects\EX4\EX4\Debug\mt.write.1.tlog
C:\Users\Bill\Documents\Visual Studio 2010\Projects\EX4\EX4\Debug\rc.command.1.tlog
C:\Users\Bill\Documents\Visual Studio 2010\Projects\EX4\EX4\Debug\rc.read.1.tlog
C:\Users\Bill\Documents\Visual Studio 2010\Projects\EX4\EX4\Debug\rc.write.1.tlog
C:\USERS\BILL\DOCUMENTS\VISUAL STUDIO 2010\PROJECTS\EX4\EX4\DEBUG\STACK.OBJ
C:\USERS\BILL\DOCUMENTS\VISUAL STUDIO 2010\PROJECTS\EX4\EX4\DEBUG\STDAFX.OBJ
C:\USERS\BILL\DOCUMENTS\VISUAL STUDIO 2010\PROJECTS\EX4\EX4\DEBUG\TREE.OBJ
C:\Users\Bill\Documents\Visual Studio 2010\Projects\EX4\EX4\Debug\vc100.idb
C:\USERS\BILL\DOCUMENTS\VISUAL STUDIO 2010\PROJECTS\EX4\EX4\DEBUG\VC100.PDB
