C:\USERS\BILL\DOCUMENTS\VISUAL STUDIO 2010\PROJECTS\HW1\DEBUG\HW1.EXE
C:\USERS\BILL\DOCUMENTS\VISUAL STUDIO 2010\PROJECTS\HW1\DEBUG\HW1.ILK
C:\USERS\BILL\DOCUMENTS\VISUAL STUDIO 2010\PROJECTS\HW1\DEBUG\HW1.PDB
C:\USERS\BILL\DOCUMENTS\VISUAL STUDIO 2010\PROJECTS\HW1\HW1\DEBUG\CS116HW1.OBJ
C:\USERS\BILL\DOCUMENTS\VISUAL STUDIO 2010\PROJECTS\HW1\HW1\DEBUG\HW1.EXE.EMBED.MANIFEST
C:\USERS\BILL\DOCUMENTS\VISUAL STUDIO 2010\PROJECTS\HW1\HW1\DEBUG\HW1.EXE.EMBED.MANIFEST.RES
C:\USERS\BILL\DOCUMENTS\VISUAL STUDIO 2010\PROJECTS\HW1\HW1\DEBUG\HW1.EXE.INTERMEDIATE.MANIFEST
C:\USERS\BILL\DOCUMENTS\VISUAL STUDIO 2010\PROJECTS\HW1\HW1\DEBUG\HW1.PCH
C:\USERS\BILL\DOCUMENTS\VISUAL STUDIO 2010\PROJECTS\HW1\HW1\DEBUG\QUAD.OBJ
C:\USERS\BILL\DOCUMENTS\VISUAL STUDIO 2010\PROJECTS\HW1\HW1\DEBUG\STDAFX.OBJ
C:\USERS\BILL\DOCUMENTS\VISUAL STUDIO 2010\PROJECTS\HW1\HW1\DEBUG\VC100.PDB
C:\Users\Bill\Documents\Visual Studio 2010\Projects\HW1exp\Debug\HW1.exe
C:\Users\Bill\Documents\Visual Studio 2010\Projects\HW1exp\Debug\HW1.ilk
C:\Users\Bill\Documents\Visual Studio 2010\Projects\HW1exp\Debug\HW1.pdb
C:\Users\Bill\Documents\Visual Studio 2010\Projects\HW1exp\HW1\Debug\cl.command.1.tlog
C:\Users\Bill\Documents\Visual Studio 2010\Projects\HW1exp\HW1\Debug\CL.read.1.tlog
C:\Users\Bill\Documents\Visual Studio 2010\Projects\HW1exp\HW1\Debug\CL.write.1.tlog
C:\Users\Bill\Documents\Visual Studio 2010\Projects\HW1exp\HW1\Debug\CS116HW1.obj
C:\Users\Bill\Documents\Visual Studio 2010\Projects\HW1exp\HW1\Debug\HW1.exe.embed.manifest
C:\Users\Bill\Documents\Visual Studio 2010\Projects\HW1exp\HW1\Debug\HW1.exe.embed.manifest.res
C:\Users\Bill\Documents\Visual Studio 2010\Projects\HW1exp\HW1\Debug\HW1.exe.intermediate.manifest
C:\Users\Bill\Documents\Visual Studio 2010\Projects\HW1exp\HW1\Debug\HW1.pch
C:\Users\Bill\Documents\Visual Studio 2010\Projects\HW1exp\HW1\Debug\HW1_manifest.rc
C:\Users\Bill\Documents\Visual Studio 2010\Projects\HW1exp\HW1\Debug\link.3752.read.1.tlog
C:\Users\Bill\Documents\Visual Studio 2010\Projects\HW1exp\HW1\Debug\link.3752.write.1.tlog
C:\Users\Bill\Documents\Visual Studio 2010\Projects\HW1exp\HW1\Debug\link.3752-cvtres.read.1.tlog
C:\Users\Bill\Documents\Visual Studio 2010\Projects\HW1exp\HW1\Debug\link.3752-cvtres.write.1.tlog
C:\Users\Bill\Documents\Visual Studio 2010\Projects\HW1exp\HW1\Debug\link.command.1.tlog
C:\Users\Bill\Documents\Visual Studio 2010\Projects\HW1exp\HW1\Debug\link.read.1.tlog
C:\Users\Bill\Documents\Visual Studio 2010\Projects\HW1exp\HW1\Debug\link.write.1.tlog
C:\Users\Bill\Documents\Visual Studio 2010\Projects\HW1exp\HW1\Debug\link-cvtres.read.1.tlog
C:\Users\Bill\Documents\Visual Studio 2010\Projects\HW1exp\HW1\Debug\link-cvtres.write.1.tlog
C:\Users\Bill\Documents\Visual Studio 2010\Projects\HW1exp\HW1\Debug\mt.command.1.tlog
C:\Users\Bill\Documents\Visual Studio 2010\Projects\HW1exp\HW1\Debug\mt.read.1.tlog
C:\Users\Bill\Documents\Visual Studio 2010\Projects\HW1exp\HW1\Debug\mt.write.1.tlog
C:\Users\Bill\Documents\Visual Studio 2010\Projects\HW1exp\HW1\Debug\Quad.obj
C:\Users\Bill\Documents\Visual Studio 2010\Projects\HW1exp\HW1\Debug\rc.command.1.tlog
C:\Users\Bill\Documents\Visual Studio 2010\Projects\HW1exp\HW1\Debug\rc.read.1.tlog
C:\Users\Bill\Documents\Visual Studio 2010\Projects\HW1exp\HW1\Debug\rc.write.1.tlog
C:\Users\Bill\Documents\Visual Studio 2010\Projects\HW1exp\HW1\Debug\stdafx.obj
C:\Users\Bill\Documents\Visual Studio 2010\Projects\HW1exp\HW1\Debug\vc100.idb
C:\Users\Bill\Documents\Visual Studio 2010\Projects\HW1exp\HW1\Debug\vc100.pdb
