C:\USERS\BILL\DOCUMENTS\VISUAL STUDIO 2010\PROJECTS\EX2\DEBUG\EX2.EXE
C:\USERS\BILL\DOCUMENTS\VISUAL STUDIO 2010\PROJECTS\EX2\DEBUG\EX2.ILK
C:\USERS\BILL\DOCUMENTS\VISUAL STUDIO 2010\PROJECTS\EX2\DEBUG\EX2.PDB
C:\USERS\BILL\DOCUMENTS\VISUAL STUDIO 2010\PROJECTS\EX2\EX2\DEBUG\CAR.OBJ
C:\Users\Bill\Documents\Visual Studio 2010\Projects\EX2\EX2\Debug\cl.command.1.tlog
C:\Users\Bill\Documents\Visual Studio 2010\Projects\EX2\EX2\Debug\CL.read.1.tlog
C:\Users\Bill\Documents\Visual Studio 2010\Projects\EX2\EX2\Debug\CL.write.1.tlog
C:\USERS\BILL\DOCUMENTS\VISUAL STUDIO 2010\PROJECTS\EX2\EX2\DEBUG\DONATIONLIST.OBJ
C:\USERS\BILL\DOCUMENTS\VISUAL STUDIO 2010\PROJECTS\EX2\EX2\DEBUG\DONDB.OBJ
C:\USERS\BILL\DOCUMENTS\VISUAL STUDIO 2010\PROJECTS\EX2\EX2\DEBUG\EX2.EXE.EMBED.MANIFEST
C:\USERS\BILL\DOCUMENTS\VISUAL STUDIO 2010\PROJECTS\EX2\EX2\DEBUG\EX2.EXE.EMBED.MANIFEST.RES
C:\USERS\BILL\DOCUMENTS\VISUAL STUDIO 2010\PROJECTS\EX2\EX2\DEBUG\EX2.EXE.INTERMEDIATE.MANIFEST
C:\USERS\BILL\DOCUMENTS\VISUAL STUDIO 2010\PROJECTS\EX2\EX2\DEBUG\EX2.OBJ
C:\USERS\BILL\DOCUMENTS\VISUAL STUDIO 2010\PROJECTS\EX2\EX2\DEBUG\EX2.PCH
C:\Users\Bill\Documents\Visual Studio 2010\Projects\EX2\EX2\Debug\EX2_manifest.rc
C:\Users\Bill\Documents\Visual Studio 2010\Projects\EX2\EX2\Debug\link.5860.read.1.tlog
C:\Users\Bill\Documents\Visual Studio 2010\Projects\EX2\EX2\Debug\link.5860.write.1.tlog
C:\Users\Bill\Documents\Visual Studio 2010\Projects\EX2\EX2\Debug\link.5860-cvtres.read.1.tlog
C:\Users\Bill\Documents\Visual Studio 2010\Projects\EX2\EX2\Debug\link.5860-cvtres.write.1.tlog
C:\Users\Bill\Documents\Visual Studio 2010\Projects\EX2\EX2\Debug\link.command.1.tlog
C:\Users\Bill\Documents\Visual Studio 2010\Projects\EX2\EX2\Debug\link.read.1.tlog
C:\Users\Bill\Documents\Visual Studio 2010\Projects\EX2\EX2\Debug\link.write.1.tlog
C:\Users\Bill\Documents\Visual Studio 2010\Projects\EX2\EX2\Debug\link-cvtres.read.1.tlog
C:\Users\Bill\Documents\Visual Studio 2010\Projects\EX2\EX2\Debug\link-cvtres.write.1.tlog
C:\Users\Bill\Documents\Visual Studio 2010\Projects\EX2\EX2\Debug\mt.command.1.tlog
C:\Users\Bill\Documents\Visual Studio 2010\Projects\EX2\EX2\Debug\mt.read.1.tlog
C:\Users\Bill\Documents\Visual Studio 2010\Projects\EX2\EX2\Debug\mt.write.1.tlog
C:\Users\Bill\Documents\Visual Studio 2010\Projects\EX2\EX2\Debug\rc.command.1.tlog
C:\Users\Bill\Documents\Visual Studio 2010\Projects\EX2\EX2\Debug\rc.read.1.tlog
C:\Users\Bill\Documents\Visual Studio 2010\Projects\EX2\EX2\Debug\rc.write.1.tlog
C:\USERS\BILL\DOCUMENTS\VISUAL STUDIO 2010\PROJECTS\EX2\EX2\DEBUG\STDAFX.OBJ
C:\Users\Bill\Documents\Visual Studio 2010\Projects\EX2\EX2\Debug\vc100.idb
C:\USERS\BILL\DOCUMENTS\VISUAL STUDIO 2010\PROJECTS\EX2\EX2\DEBUG\VC100.PDB
