C:\USERS\BILL\DOCUMENTS\VISUAL STUDIO 2010\PROJECTS\HANOI\DEBUG\HANOI.EXE
C:\USERS\BILL\DOCUMENTS\VISUAL STUDIO 2010\PROJECTS\HANOI\DEBUG\HANOI.ILK
C:\USERS\BILL\DOCUMENTS\VISUAL STUDIO 2010\PROJECTS\HANOI\DEBUG\HANOI.PDB
C:\Users\Bill\documents\visual studio 2010\Projects\Hanoi\Hanoi\Debug\cl.command.1.tlog
C:\Users\Bill\documents\visual studio 2010\Projects\Hanoi\Hanoi\Debug\CL.read.1.tlog
C:\Users\Bill\documents\visual studio 2010\Projects\Hanoi\Hanoi\Debug\CL.write.1.tlog
C:\USERS\BILL\DOCUMENTS\VISUAL STUDIO 2010\PROJECTS\HANOI\HANOI\DEBUG\HANOI.EXE.EMBED.MANIFEST
C:\USERS\BILL\DOCUMENTS\VISUAL STUDIO 2010\PROJECTS\HANOI\HANOI\DEBUG\HANOI.EXE.EMBED.MANIFEST.RES
C:\USERS\BILL\DOCUMENTS\VISUAL STUDIO 2010\PROJECTS\HANOI\HANOI\DEBUG\HANOI.EXE.INTERMEDIATE.MANIFEST
C:\USERS\BILL\DOCUMENTS\VISUAL STUDIO 2010\PROJECTS\HANOI\HANOI\DEBUG\HANOI.OBJ
C:\USERS\BILL\DOCUMENTS\VISUAL STUDIO 2010\PROJECTS\HANOI\HANOI\DEBUG\HANOI.PCH
C:\Users\Bill\documents\visual studio 2010\Projects\Hanoi\Hanoi\Debug\Hanoi_manifest.rc
C:\Users\Bill\documents\visual studio 2010\Projects\Hanoi\Hanoi\Debug\link.3596.read.1.tlog
C:\Users\Bill\documents\visual studio 2010\Projects\Hanoi\Hanoi\Debug\link.3596.write.1.tlog
C:\Users\Bill\documents\visual studio 2010\Projects\Hanoi\Hanoi\Debug\link.3596-cvtres.read.1.tlog
C:\Users\Bill\documents\visual studio 2010\Projects\Hanoi\Hanoi\Debug\link.3596-cvtres.write.1.tlog
C:\Users\Bill\documents\visual studio 2010\Projects\Hanoi\Hanoi\Debug\link.command.1.tlog
C:\Users\Bill\documents\visual studio 2010\Projects\Hanoi\Hanoi\Debug\link.read.1.tlog
C:\Users\Bill\documents\visual studio 2010\Projects\Hanoi\Hanoi\Debug\link.write.1.tlog
C:\Users\Bill\documents\visual studio 2010\Projects\Hanoi\Hanoi\Debug\link-cvtres.read.1.tlog
C:\Users\Bill\documents\visual studio 2010\Projects\Hanoi\Hanoi\Debug\link-cvtres.write.1.tlog
C:\Users\Bill\documents\visual studio 2010\Projects\Hanoi\Hanoi\Debug\mt.command.1.tlog
C:\Users\Bill\documents\visual studio 2010\Projects\Hanoi\Hanoi\Debug\mt.read.1.tlog
C:\Users\Bill\documents\visual studio 2010\Projects\Hanoi\Hanoi\Debug\mt.write.1.tlog
C:\Users\Bill\documents\visual studio 2010\Projects\Hanoi\Hanoi\Debug\rc.command.1.tlog
C:\Users\Bill\documents\visual studio 2010\Projects\Hanoi\Hanoi\Debug\rc.read.1.tlog
C:\Users\Bill\documents\visual studio 2010\Projects\Hanoi\Hanoi\Debug\rc.write.1.tlog
C:\USERS\BILL\DOCUMENTS\VISUAL STUDIO 2010\PROJECTS\HANOI\HANOI\DEBUG\STDAFX.OBJ
C:\Users\Bill\documents\visual studio 2010\Projects\Hanoi\Hanoi\Debug\vc100.idb
C:\USERS\BILL\DOCUMENTS\VISUAL STUDIO 2010\PROJECTS\HANOI\HANOI\DEBUG\VC100.PDB
