Build started 11/5/2012 7:34:30 PM.
     1>Project "C:\Users\Bill\documents\visual studio 2010\Projects\EX4\EX4\EX4.vcxproj" on node 2 (rebuild target(s)).
     1>_PrepareForClean:
         Deleting file "Debug\EX4.lastbuildstate".
       InitializeBuildStatus:
         Creating "Debug\EX4.unsuccessfulbuild" because "AlwaysCreate" was specified.
       ClCompile:
         z:\Program Files (x86)\Microsoft Visual Studio 10.0\VC\bin\CL.exe /c /ZI /nologo /W3 /WX- /Od /Oy- /D WIN32 /D _DEBUG /D _CONSOLE /D _UNICODE /D UNICODE /Gm /EHsc /RTC1 /MDd /GS /fp:precise /Zc:wchar_t /Zc:forScope /Yc"StdAfx.h" /Fp"Debug\EX4.pch" /Fo"Debug\\" /Fd"Debug\vc100.pdb" /Gd /TP /analyze- /errorReport:prompt stdafx.cpp
         stdafx.cpp
         z:\Program Files (x86)\Microsoft Visual Studio 10.0\VC\bin\CL.exe /c /ZI /nologo /W3 /WX- /Od /Oy- /D WIN32 /D _DEBUG /D _CONSOLE /D _UNICODE /D UNICODE /Gm /EHsc /RTC1 /MDd /GS /fp:precise /Zc:wchar_t /Zc:forScope /Yu"StdAfx.h" /Fp"Debug\EX4.pch" /Fo"Debug\\" /Fd"Debug\vc100.pdb" /Gd /TP /analyze- /errorReport:prompt EX4.cpp Integrate.cpp Polynomial.cpp
         Polynomial.cpp
         Integrate.cpp
         EX4.cpp
         Generating Code...
       ManifestResourceCompile:
         C:\Program Files (x86)\Microsoft SDKs\Windows\v7.0A\bin\rc.exe /nologo /fo"Debug\EX4.exe.embed.manifest.res" Debug\EX4_manifest.rc 
       Link:
         z:\Program Files (x86)\Microsoft Visual Studio 10.0\VC\bin\link.exe /ERRORREPORT:PROMPT /OUT:"C:\Users\Bill\documents\visual studio 2010\Projects\EX4\Debug\EX4.exe" /INCREMENTAL /NOLOGO kernel32.lib user32.lib gdi32.lib winspool.lib comdlg32.lib advapi32.lib shell32.lib ole32.lib oleaut32.lib uuid.lib odbc32.lib odbccp32.lib /MANIFEST /ManifestFile:"Debug\EX4.exe.intermediate.manifest" /MANIFESTUAC:"level='asInvoker' uiAccess='false'" /DEBUG /PDB:"C:\Users\Bill\documents\visual studio 2010\Projects\EX4\Debug\EX4.pdb" /SUBSYSTEM:CONSOLE /TLBID:1 /DYNAMICBASE /NXCOMPAT /IMPLIB:"C:\Users\Bill\documents\visual studio 2010\Projects\EX4\Debug\EX4.lib" /MACHINE:X86 Debug\EX4.exe.embed.manifest.res
         Debug\EX4.obj
         Debug\Integrate.obj
         Debug\Polynomial.obj
         Debug\stdafx.obj
       Manifest:
         Deleting file "Debug\EX4.exe.embed.manifest".
         C:\Program Files (x86)\Microsoft SDKs\Windows\v7.0A\bin\mt.exe /nologo /verbose /out:"Debug\EX4.exe.embed.manifest" /manifest Debug\EX4.exe.intermediate.manifest
         C:\Program Files (x86)\Microsoft SDKs\Windows\v7.0A\bin\rc.exe /nologo /fo"Debug\EX4.exe.embed.manifest.res" Debug\EX4_manifest.rc 
       LinkEmbedManifest:
         z:\Program Files (x86)\Microsoft Visual Studio 10.0\VC\bin\link.exe /ERRORREPORT:PROMPT /OUT:"C:\Users\Bill\documents\visual studio 2010\Projects\EX4\Debug\EX4.exe" /INCREMENTAL /NOLOGO kernel32.lib user32.lib gdi32.lib winspool.lib comdlg32.lib advapi32.lib shell32.lib ole32.lib oleaut32.lib uuid.lib odbc32.lib odbccp32.lib /MANIFEST /ManifestFile:"Debug\EX4.exe.intermediate.manifest" /MANIFESTUAC:"level='asInvoker' uiAccess='false'" /DEBUG /PDB:"C:\Users\Bill\documents\visual studio 2010\Projects\EX4\Debug\EX4.pdb" /SUBSYSTEM:CONSOLE /TLBID:1 /DYNAMICBASE /NXCOMPAT /IMPLIB:"C:\Users\Bill\documents\visual studio 2010\Projects\EX4\Debug\EX4.lib" /MACHINE:X86 Debug\EX4.exe.embed.manifest.res
         Debug\EX4.obj
         Debug\Integrate.obj
         Debug\Polynomial.obj
         Debug\stdafx.obj
         EX4.vcxproj -> C:\Users\Bill\documents\visual studio 2010\Projects\EX4\Debug\EX4.exe
       FinalizeBuildStatus:
         Deleting file "Debug\EX4.unsuccessfulbuild".
         Touching "Debug\EX4.lastbuildstate".
     1>Done Building Project "C:\Users\Bill\documents\visual studio 2010\Projects\EX4\EX4\EX4.vcxproj" (rebuild target(s)).

Build succeeded.

Time Elapsed 00:00:01.04
