C:\USERS\BILL\DOCUMENTS\VISUAL STUDIO 2010\PROJECTS\DIJKSTRA\DEBUG\DIJKSTRA.EXE
C:\USERS\BILL\DOCUMENTS\VISUAL STUDIO 2010\PROJECTS\DIJKSTRA\DEBUG\DIJKSTRA.ILK
C:\USERS\BILL\DOCUMENTS\VISUAL STUDIO 2010\PROJECTS\DIJKSTRA\DEBUG\DIJKSTRA.PDB
C:\Users\Bill\Documents\Visual Studio 2010\Projects\Dijkstra\Dijkstra\Debug\cl.command.1.tlog
C:\Users\Bill\Documents\Visual Studio 2010\Projects\Dijkstra\Dijkstra\Debug\CL.read.1.tlog
C:\Users\Bill\Documents\Visual Studio 2010\Projects\Dijkstra\Dijkstra\Debug\CL.write.1.tlog
C:\USERS\BILL\DOCUMENTS\VISUAL STUDIO 2010\PROJECTS\DIJKSTRA\DIJKSTRA\DEBUG\DIJKSTRA.EXE.EMBED.MANIFEST
C:\USERS\BILL\DOCUMENTS\VISUAL STUDIO 2010\PROJECTS\DIJKSTRA\DIJKSTRA\DEBUG\DIJKSTRA.EXE.EMBED.MANIFEST.RES
C:\USERS\BILL\DOCUMENTS\VISUAL STUDIO 2010\PROJECTS\DIJKSTRA\DIJKSTRA\DEBUG\DIJKSTRA.EXE.INTERMEDIATE.MANIFEST
C:\USERS\BILL\DOCUMENTS\VISUAL STUDIO 2010\PROJECTS\DIJKSTRA\DIJKSTRA\DEBUG\DIJKSTRA.OBJ
C:\USERS\BILL\DOCUMENTS\VISUAL STUDIO 2010\PROJECTS\DIJKSTRA\DIJKSTRA\DEBUG\DIJKSTRA.PCH
C:\Users\Bill\Documents\Visual Studio 2010\Projects\Dijkstra\Dijkstra\Debug\Dijkstra_manifest.rc
C:\USERS\BILL\DOCUMENTS\VISUAL STUDIO 2010\PROJECTS\DIJKSTRA\DIJKSTRA\DEBUG\DNODE.OBJ
C:\USERS\BILL\DOCUMENTS\VISUAL STUDIO 2010\PROJECTS\DIJKSTRA\DIJKSTRA\DEBUG\GRDB.OBJ
C:\Users\Bill\Documents\Visual Studio 2010\Projects\Dijkstra\Dijkstra\Debug\link.2956.read.1.tlog
C:\Users\Bill\Documents\Visual Studio 2010\Projects\Dijkstra\Dijkstra\Debug\link.2956.write.1.tlog
C:\Users\Bill\Documents\Visual Studio 2010\Projects\Dijkstra\Dijkstra\Debug\link.2956-cvtres.read.1.tlog
C:\Users\Bill\Documents\Visual Studio 2010\Projects\Dijkstra\Dijkstra\Debug\link.2956-cvtres.write.1.tlog
C:\Users\Bill\Documents\Visual Studio 2010\Projects\Dijkstra\Dijkstra\Debug\link.command.1.tlog
C:\Users\Bill\Documents\Visual Studio 2010\Projects\Dijkstra\Dijkstra\Debug\link.read.1.tlog
C:\Users\Bill\Documents\Visual Studio 2010\Projects\Dijkstra\Dijkstra\Debug\link.write.1.tlog
C:\Users\Bill\Documents\Visual Studio 2010\Projects\Dijkstra\Dijkstra\Debug\link-cvtres.read.1.tlog
C:\Users\Bill\Documents\Visual Studio 2010\Projects\Dijkstra\Dijkstra\Debug\link-cvtres.write.1.tlog
C:\Users\Bill\Documents\Visual Studio 2010\Projects\Dijkstra\Dijkstra\Debug\mt.command.1.tlog
C:\Users\Bill\Documents\Visual Studio 2010\Projects\Dijkstra\Dijkstra\Debug\mt.read.1.tlog
C:\Users\Bill\Documents\Visual Studio 2010\Projects\Dijkstra\Dijkstra\Debug\mt.write.1.tlog
C:\Users\Bill\Documents\Visual Studio 2010\Projects\Dijkstra\Dijkstra\Debug\rc.command.1.tlog
C:\Users\Bill\Documents\Visual Studio 2010\Projects\Dijkstra\Dijkstra\Debug\rc.read.1.tlog
C:\Users\Bill\Documents\Visual Studio 2010\Projects\Dijkstra\Dijkstra\Debug\rc.write.1.tlog
C:\USERS\BILL\DOCUMENTS\VISUAL STUDIO 2010\PROJECTS\DIJKSTRA\DIJKSTRA\DEBUG\STDAFX.OBJ
C:\Users\Bill\Documents\Visual Studio 2010\Projects\Dijkstra\Dijkstra\Debug\vc100.idb
C:\USERS\BILL\DOCUMENTS\VISUAL STUDIO 2010\PROJECTS\DIJKSTRA\DIJKSTRA\DEBUG\VC100.PDB
C:\USERS\BILL\DOCUMENTS\VISUAL STUDIO 2010\PROJECTS\DIJKSTRA\DIJKSTRA\DEBUG\VERTEX.OBJ
