Build started 10/24/2012 11:43:33 PM.
     1>Project "C:\Users\Bill\Documents\Visual Studio 2010\Projects\Dijkstra\Dijkstra\Dijkstra.vcxproj" on node 2 (rebuild target(s)).
     1>_PrepareForClean:
         Deleting file "Debug\Dijkstra.lastbuildstate".
       InitializeBuildStatus:
         Creating "Debug\Dijkstra.unsuccessfulbuild" because "AlwaysCreate" was specified.
       ClCompile:
         z:\Program Files (x86)\Microsoft Visual Studio 10.0\VC\bin\CL.exe /c /ZI /nologo /W3 /WX- /Od /Oy- /D WIN32 /D _DEBUG /D _CONSOLE /D _UNICODE /D UNICODE /Gm /EHsc /RTC1 /MDd /GS /fp:precise /Zc:wchar_t /Zc:forScope /Yc"StdAfx.h" /Fp"Debug\Dijkstra.pch" /Fo"Debug\\" /Fd"Debug\vc100.pdb" /Gd /TP /analyze- /errorReport:prompt stdafx.cpp
         stdafx.cpp
         z:\Program Files (x86)\Microsoft Visual Studio 10.0\VC\bin\CL.exe /c /ZI /nologo /W3 /WX- /Od /Oy- /D WIN32 /D _DEBUG /D _CONSOLE /D _UNICODE /D UNICODE /Gm /EHsc /RTC1 /MDd /GS /fp:precise /Zc:wchar_t /Zc:forScope /Yu"StdAfx.h" /Fp"Debug\Dijkstra.pch" /Fo"Debug\\" /Fd"Debug\vc100.pdb" /Gd /TP /analyze- /errorReport:prompt Dnode.cpp GrDB.cpp Vertex.cpp Dijkstra.cpp
         Dijkstra.cpp
         Vertex.cpp
         GrDB.cpp
         Dnode.cpp
         Generating Code...
       ManifestResourceCompile:
         C:\Program Files (x86)\Microsoft SDKs\Windows\v7.0A\bin\rc.exe /nologo /fo"Debug\Dijkstra.exe.embed.manifest.res" Debug\Dijkstra_manifest.rc 
       Link:
         z:\Program Files (x86)\Microsoft Visual Studio 10.0\VC\bin\link.exe /ERRORREPORT:PROMPT /OUT:"C:\Users\Bill\Documents\Visual Studio 2010\Projects\Dijkstra\Debug\Dijkstra.exe" /INCREMENTAL /NOLOGO kernel32.lib user32.lib gdi32.lib winspool.lib comdlg32.lib advapi32.lib shell32.lib ole32.lib oleaut32.lib uuid.lib odbc32.lib odbccp32.lib /MANIFEST /ManifestFile:"Debug\Dijkstra.exe.intermediate.manifest" /MANIFESTUAC:"level='asInvoker' uiAccess='false'" /DEBUG /PDB:"C:\Users\Bill\Documents\Visual Studio 2010\Projects\Dijkstra\Debug\Dijkstra.pdb" /SUBSYSTEM:CONSOLE /TLBID:1 /DYNAMICBASE /NXCOMPAT /IMPLIB:"C:\Users\Bill\Documents\Visual Studio 2010\Projects\Dijkstra\Debug\Dijkstra.lib" /MACHINE:X86 Debug\Dijkstra.exe.embed.manifest.res
         Debug\Dnode.obj
         Debug\GrDB.obj
         Debug\Vertex.obj
         Debug\Dijkstra.obj
         Debug\stdafx.obj
       Manifest:
         Deleting file "Debug\Dijkstra.exe.embed.manifest".
         C:\Program Files (x86)\Microsoft SDKs\Windows\v7.0A\bin\mt.exe /nologo /verbose /out:"Debug\Dijkstra.exe.embed.manifest" /manifest Debug\Dijkstra.exe.intermediate.manifest
         C:\Program Files (x86)\Microsoft SDKs\Windows\v7.0A\bin\rc.exe /nologo /fo"Debug\Dijkstra.exe.embed.manifest.res" Debug\Dijkstra_manifest.rc 
       LinkEmbedManifest:
         z:\Program Files (x86)\Microsoft Visual Studio 10.0\VC\bin\link.exe /ERRORREPORT:PROMPT /OUT:"C:\Users\Bill\Documents\Visual Studio 2010\Projects\Dijkstra\Debug\Dijkstra.exe" /INCREMENTAL /NOLOGO kernel32.lib user32.lib gdi32.lib winspool.lib comdlg32.lib advapi32.lib shell32.lib ole32.lib oleaut32.lib uuid.lib odbc32.lib odbccp32.lib /MANIFEST /ManifestFile:"Debug\Dijkstra.exe.intermediate.manifest" /MANIFESTUAC:"level='asInvoker' uiAccess='false'" /DEBUG /PDB:"C:\Users\Bill\Documents\Visual Studio 2010\Projects\Dijkstra\Debug\Dijkstra.pdb" /SUBSYSTEM:CONSOLE /TLBID:1 /DYNAMICBASE /NXCOMPAT /IMPLIB:"C:\Users\Bill\Documents\Visual Studio 2010\Projects\Dijkstra\Debug\Dijkstra.lib" /MACHINE:X86 Debug\Dijkstra.exe.embed.manifest.res
         Debug\Dnode.obj
         Debug\GrDB.obj
         Debug\Vertex.obj
         Debug\Dijkstra.obj
         Debug\stdafx.obj
         Dijkstra.vcxproj -> C:\Users\Bill\Documents\Visual Studio 2010\Projects\Dijkstra\Debug\Dijkstra.exe
       FinalizeBuildStatus:
         Deleting file "Debug\Dijkstra.unsuccessfulbuild".
         Touching "Debug\Dijkstra.lastbuildstate".
     1>Done Building Project "C:\Users\Bill\Documents\Visual Studio 2010\Projects\Dijkstra\Dijkstra\Dijkstra.vcxproj" (rebuild target(s)).

Build succeeded.

Time Elapsed 00:00:02.04
