Build started 10/20/2012 11:15:26 PM.
     1>Project "c:\Users\Bill\documents\visual studio 2010\Projects\Listify\Listify\Listify.vcxproj" on node 2 (rebuild target(s)).
     1>_PrepareForClean:
         Deleting file "Debug\Listify.lastbuildstate".
       InitializeBuildStatus:
         Creating "Debug\Listify.unsuccessfulbuild" because "AlwaysCreate" was specified.
       ClCompile:
         z:\Program Files (x86)\Microsoft Visual Studio 10.0\VC\bin\CL.exe /c /ZI /nologo /W3 /WX- /Od /Oy- /D WIN32 /D _DEBUG /D _CONSOLE /D _UNICODE /D UNICODE /Gm /EHsc /RTC1 /MDd /GS /fp:precise /Zc:wchar_t /Zc:forScope /Yc"StdAfx.h" /Fp"Debug\Listify.pch" /Fo"Debug\\" /Fd"Debug\vc100.pdb" /Gd /TP /analyze- /errorReport:prompt stdafx.cpp
         stdafx.cpp
         z:\Program Files (x86)\Microsoft Visual Studio 10.0\VC\bin\CL.exe /c /ZI /nologo /W3 /WX- /Od /Oy- /D WIN32 /D _DEBUG /D _CONSOLE /D _UNICODE /D UNICODE /Gm /EHsc /RTC1 /MDd /GS /fp:precise /Zc:wchar_t /Zc:forScope /Yu"StdAfx.h" /Fp"Debug\Listify.pch" /Fo"Debug\\" /Fd"Debug\vc100.pdb" /Gd /TP /analyze- /errorReport:prompt Listify.cpp
         Listify.cpp
       ManifestResourceCompile:
         C:\Program Files (x86)\Microsoft SDKs\Windows\v7.0A\bin\rc.exe /nologo /fo"Debug\Listify.exe.embed.manifest.res" Debug\Listify_manifest.rc 
       Link:
         z:\Program Files (x86)\Microsoft Visual Studio 10.0\VC\bin\link.exe /ERRORREPORT:PROMPT /OUT:"c:\users\bill\documents\visual studio 2010\Projects\Listify\Debug\Listify.exe" /INCREMENTAL /NOLOGO kernel32.lib user32.lib gdi32.lib winspool.lib comdlg32.lib advapi32.lib shell32.lib ole32.lib oleaut32.lib uuid.lib odbc32.lib odbccp32.lib /MANIFEST /ManifestFile:"Debug\Listify.exe.intermediate.manifest" /MANIFESTUAC:"level='asInvoker' uiAccess='false'" /DEBUG /PDB:"c:\users\bill\documents\visual studio 2010\Projects\Listify\Debug\Listify.pdb" /SUBSYSTEM:CONSOLE /TLBID:1 /DYNAMICBASE /NXCOMPAT /IMPLIB:"c:\users\bill\documents\visual studio 2010\Projects\Listify\Debug\Listify.lib" /MACHINE:X86 Debug\Listify.exe.embed.manifest.res
         Debug\Listify.obj
         Debug\stdafx.obj
       Manifest:
         Deleting file "Debug\Listify.exe.embed.manifest".
         C:\Program Files (x86)\Microsoft SDKs\Windows\v7.0A\bin\mt.exe /nologo /verbose /out:"Debug\Listify.exe.embed.manifest" /manifest Debug\Listify.exe.intermediate.manifest
         C:\Program Files (x86)\Microsoft SDKs\Windows\v7.0A\bin\rc.exe /nologo /fo"Debug\Listify.exe.embed.manifest.res" Debug\Listify_manifest.rc 
       LinkEmbedManifest:
         z:\Program Files (x86)\Microsoft Visual Studio 10.0\VC\bin\link.exe /ERRORREPORT:PROMPT /OUT:"c:\users\bill\documents\visual studio 2010\Projects\Listify\Debug\Listify.exe" /INCREMENTAL /NOLOGO kernel32.lib user32.lib gdi32.lib winspool.lib comdlg32.lib advapi32.lib shell32.lib ole32.lib oleaut32.lib uuid.lib odbc32.lib odbccp32.lib /MANIFEST /ManifestFile:"Debug\Listify.exe.intermediate.manifest" /MANIFESTUAC:"level='asInvoker' uiAccess='false'" /DEBUG /PDB:"c:\users\bill\documents\visual studio 2010\Projects\Listify\Debug\Listify.pdb" /SUBSYSTEM:CONSOLE /TLBID:1 /DYNAMICBASE /NXCOMPAT /IMPLIB:"c:\users\bill\documents\visual studio 2010\Projects\Listify\Debug\Listify.lib" /MACHINE:X86 Debug\Listify.exe.embed.manifest.res
         Debug\Listify.obj
         Debug\stdafx.obj
         Listify.vcxproj -> c:\users\bill\documents\visual studio 2010\Projects\Listify\Debug\Listify.exe
       FinalizeBuildStatus:
         Deleting file "Debug\Listify.unsuccessfulbuild".
         Touching "Debug\Listify.lastbuildstate".
     1>Done Building Project "c:\Users\Bill\documents\visual studio 2010\Projects\Listify\Listify\Listify.vcxproj" (rebuild target(s)).

Build succeeded.

Time Elapsed 00:00:01.14
