C:\USERS\BILL\DOCUMENTS\VISUAL STUDIO 2010\PROJECTS\LISTIFY\DEBUG\LISTIFY.EXE
C:\USERS\BILL\DOCUMENTS\VISUAL STUDIO 2010\PROJECTS\LISTIFY\DEBUG\LISTIFY.ILK
C:\USERS\BILL\DOCUMENTS\VISUAL STUDIO 2010\PROJECTS\LISTIFY\DEBUG\LISTIFY.PDB
c:\Users\Bill\documents\visual studio 2010\Projects\Listify\Listify\Debug\cl.command.1.tlog
c:\Users\Bill\documents\visual studio 2010\Projects\Listify\Listify\Debug\CL.read.1.tlog
c:\Users\Bill\documents\visual studio 2010\Projects\Listify\Listify\Debug\CL.write.1.tlog
c:\Users\Bill\documents\visual studio 2010\Projects\Listify\Listify\Debug\link.10284.read.1.tlog
c:\Users\Bill\documents\visual studio 2010\Projects\Listify\Listify\Debug\link.10284.write.1.tlog
c:\Users\Bill\documents\visual studio 2010\Projects\Listify\Listify\Debug\link.10284-cvtres.read.1.tlog
c:\Users\Bill\documents\visual studio 2010\Projects\Listify\Listify\Debug\link.10284-cvtres.write.1.tlog
c:\Users\Bill\documents\visual studio 2010\Projects\Listify\Listify\Debug\link.command.1.tlog
c:\Users\Bill\documents\visual studio 2010\Projects\Listify\Listify\Debug\link.read.1.tlog
c:\Users\Bill\documents\visual studio 2010\Projects\Listify\Listify\Debug\link.write.1.tlog
c:\Users\Bill\documents\visual studio 2010\Projects\Listify\Listify\Debug\link-cvtres.read.1.tlog
c:\Users\Bill\documents\visual studio 2010\Projects\Listify\Listify\Debug\link-cvtres.write.1.tlog
C:\USERS\BILL\DOCUMENTS\VISUAL STUDIO 2010\PROJECTS\LISTIFY\LISTIFY\DEBUG\LISTIFY.EXE.EMBED.MANIFEST
C:\USERS\BILL\DOCUMENTS\VISUAL STUDIO 2010\PROJECTS\LISTIFY\LISTIFY\DEBUG\LISTIFY.EXE.EMBED.MANIFEST.RES
C:\USERS\BILL\DOCUMENTS\VISUAL STUDIO 2010\PROJECTS\LISTIFY\LISTIFY\DEBUG\LISTIFY.EXE.INTERMEDIATE.MANIFEST
C:\USERS\BILL\DOCUMENTS\VISUAL STUDIO 2010\PROJECTS\LISTIFY\LISTIFY\DEBUG\LISTIFY.OBJ
C:\USERS\BILL\DOCUMENTS\VISUAL STUDIO 2010\PROJECTS\LISTIFY\LISTIFY\DEBUG\LISTIFY.PCH
c:\Users\Bill\documents\visual studio 2010\Projects\Listify\Listify\Debug\Listify_manifest.rc
c:\Users\Bill\documents\visual studio 2010\Projects\Listify\Listify\Debug\mt.command.1.tlog
c:\Users\Bill\documents\visual studio 2010\Projects\Listify\Listify\Debug\mt.read.1.tlog
c:\Users\Bill\documents\visual studio 2010\Projects\Listify\Listify\Debug\mt.write.1.tlog
c:\Users\Bill\documents\visual studio 2010\Projects\Listify\Listify\Debug\rc.command.1.tlog
c:\Users\Bill\documents\visual studio 2010\Projects\Listify\Listify\Debug\rc.read.1.tlog
c:\Users\Bill\documents\visual studio 2010\Projects\Listify\Listify\Debug\rc.write.1.tlog
C:\USERS\BILL\DOCUMENTS\VISUAL STUDIO 2010\PROJECTS\LISTIFY\LISTIFY\DEBUG\STDAFX.OBJ
c:\Users\Bill\documents\visual studio 2010\Projects\Listify\Listify\Debug\vc100.idb
C:\USERS\BILL\DOCUMENTS\VISUAL STUDIO 2010\PROJECTS\LISTIFY\LISTIFY\DEBUG\VC100.PDB
