Build started 8/27/2012 7:51:55 PM.
     1>Project "C:\Users\Bill\Documents\Visual Studio 2010\Projects\HW1b\HW1b\HW1b.vcxproj" on node 2 (rebuild target(s)).
     1>_PrepareForClean:
         Deleting file "Debug\HW1b.lastbuildstate".
       InitializeBuildStatus:
         Creating "Debug\HW1b.unsuccessfulbuild" because "AlwaysCreate" was specified.
       ClCompile:
         z:\Program Files (x86)\Microsoft Visual Studio 10.0\VC\bin\CL.exe /c /ZI /nologo /W3 /WX- /Od /Oy- /D _MBCS /Gm /EHsc /RTC1 /MDd /GS /fp:precise /Zc:wchar_t /Zc:forScope /Fo"Debug\\" /Fd"Debug\vc100.pdb" /Gd /TC /analyze- /errorReport:prompt HW1b.cpp Table.cpp
         Table.cpp
         HW1b.cpp
         Generating Code...
       Link:
         z:\Program Files (x86)\Microsoft Visual Studio 10.0\VC\bin\link.exe /ERRORREPORT:PROMPT /OUT:"C:\Users\Bill\Documents\Visual Studio 2010\Projects\HW1b\Debug\HW1b.exe" /NOLOGO kernel32.lib user32.lib gdi32.lib winspool.lib comdlg32.lib advapi32.lib shell32.lib ole32.lib oleaut32.lib uuid.lib odbc32.lib odbccp32.lib /MANIFEST /ManifestFile:"Debug\HW1b.exe.intermediate.manifest" /MANIFESTUAC:"level='asInvoker' uiAccess='false'" /DEBUG /PDB:"C:\Users\Bill\Documents\Visual Studio 2010\Projects\HW1b\Debug\HW1b.pdb" /TLBID:1 /DYNAMICBASE /NXCOMPAT /IMPLIB:"C:\Users\Bill\Documents\Visual Studio 2010\Projects\HW1b\Debug\HW1b.lib" /MACHINE:X86 Debug\HW1b.obj
         Debug\Table.obj
         HW1b.vcxproj -> C:\Users\Bill\Documents\Visual Studio 2010\Projects\HW1b\Debug\HW1b.exe
       Manifest:
         C:\Program Files (x86)\Microsoft SDKs\Windows\v7.0A\bin\mt.exe /nologo /verbose /outputresource:"C:\Users\Bill\Documents\Visual Studio 2010\Projects\HW1b\Debug\HW1b.exe;#1" /manifest Debug\HW1b.exe.intermediate.manifest
       FinalizeBuildStatus:
         Deleting file "Debug\HW1b.unsuccessfulbuild".
         Touching "Debug\HW1b.lastbuildstate".
     1>Done Building Project "C:\Users\Bill\Documents\Visual Studio 2010\Projects\HW1b\HW1b\HW1b.vcxproj" (rebuild target(s)).

Build succeeded.

Time Elapsed 00:00:00.72
